DEBUG:visited:https://www.cs.jhu.edu/~yarowsky/cs466.html
DEBUG:visited:https://www.cs.jhu.edu/~yarowsky/
DEBUG:extracted:('https://www.cs.jhu.edu/~yarowsky/', 'EMAIL', 'yarowsky@jhu.edu')
DEBUG:extracted:('https://www.cs.jhu.edu/~yarowsky/', 'ADDRESS', 'Baltimore, MD 21218')
DEBUG:visited:https://www.cs.jhu.edu/~yarowsky/466.officehours.html
DEBUG:extracted:('https://www.cs.jhu.edu/~yarowsky/466.officehours.html', 'EMAIL', 'arya@jhu.edu')
DEBUG:extracted:('https://www.cs.jhu.edu/~yarowsky/466.officehours.html', 'EMAIL', 'czhan105@jhu.edu')
DEBUG:extracted:('https://www.cs.jhu.edu/~yarowsky/466.officehours.html', 'EMAIL', 'smei5@jhu.edu')
DEBUG:visited:https://www.cs.jhu.edu/~yarowsky/601.466.on.exam.txt
DEBUG:visited:https://www.cs.jhu.edu/~yarowsky/cs466slides/
DEBUG:visited:https://www.cs.jhu.edu/~yarowsky/histogram_m1.txt
DEBUG:visited:https://www.cs.jhu.edu/~yarowsky/histogram_p1.txt
DEBUG:visited:https://www.cs.jhu.edu/~yarowsky/irwa-2024-02-06.mp4
DEBUG:extracted:('https://www.cs.jhu.edu/~yarowsky/irwa-2024-02-06.mp4', 'EMAIL', 'X@tWL.3')
DEBUG:extracted:('https://www.cs.jhu.edu/~yarowsky/irwa-2024-02-06.mp4', 'EMAIL', 's@-AH0.L')
DEBUG:extracted:('https://www.cs.jhu.edu/~yarowsky/irwa-2024-02-06.mp4', 'EMAIL', 'b@CN.Nx')
DEBUG:extracted:('https://www.cs.jhu.edu/~yarowsky/irwa-2024-02-06.mp4', 'EMAIL', '_NdgW@䈉._')
DEBUG:extracted:('https://www.cs.jhu.edu/~yarowsky/irwa-2024-02-06.mp4', 'EMAIL', 'H2@zbS.IS')
DEBUG:extracted:('https://www.cs.jhu.edu/~yarowsky/irwa-2024-02-06.mp4', 'EMAIL', 'p@V.K')
DEBUG:extracted:('https://www.cs.jhu.edu/~yarowsky/irwa-2024-02-06.mp4', 'EMAIL', 'E@V.bR')
DEBUG:extracted:('https://www.cs.jhu.edu/~yarowsky/irwa-2024-02-06.mp4', 'EMAIL', 'z@U.zsfG')
DEBUG:extracted:('https://www.cs.jhu.edu/~yarowsky/irwa-2024-02-06.mp4', 'EMAIL', 'L4خ@TL.5mڄƈbmg')
DEBUG:extracted:('https://www.cs.jhu.edu/~yarowsky/irwa-2024-02-06.mp4', 'EMAIL', 'lDrVxȤ@o.E')
DEBUG:extracted:('https://www.cs.jhu.edu/~yarowsky/irwa-2024-02-06.mp4', 'EMAIL', 'ojTTK@L.3')
DEBUG:extracted:('https://www.cs.jhu.edu/~yarowsky/irwa-2024-02-06.mp4', 'EMAIL', 'K@4c.U')
DEBUG:extracted:('https://www.cs.jhu.edu/~yarowsky/irwa-2024-02-06.mp4', 'EMAIL', 'EZ@w.4ý')
DEBUG:extracted:('https://www.cs.jhu.edu/~yarowsky/irwa-2024-02-06.mp4', 'EMAIL', 'CQB@o.dX')
DEBUG:extracted:('https://www.cs.jhu.edu/~yarowsky/irwa-2024-02-06.mp4', 'EMAIL', 'Ŷ@YOr.Ö')
DEBUG:extracted:('https://www.cs.jhu.edu/~yarowsky/irwa-2024-02-06.mp4', 'EMAIL', 'ŉSk@I.rp7')
DEBUG:extracted:('https://www.cs.jhu.edu/~yarowsky/irwa-2024-02-06.mp4', 'EMAIL', '7UL@ѫ.8')
DEBUG:extracted:('https://www.cs.jhu.edu/~yarowsky/irwa-2024-02-06.mp4', 'EMAIL', '3Z@-.W')
DEBUG:extracted:('https://www.cs.jhu.edu/~yarowsky/irwa-2024-02-06.mp4', 'EMAIL', 'uB@c.ly')
DEBUG:extracted:('https://www.cs.jhu.edu/~yarowsky/irwa-2024-02-06.mp4', 'EMAIL', 'D@29.h')
DEBUG:extracted:('https://www.cs.jhu.edu/~yarowsky/irwa-2024-02-06.mp4', 'EMAIL', 'Fa@DGǿ.ɻW')
DEBUG:extracted:('https://www.cs.jhu.edu/~yarowsky/irwa-2024-02-06.mp4', 'EMAIL', 'o@P.w')
DEBUG:extracted:('https://www.cs.jhu.edu/~yarowsky/irwa-2024-02-06.mp4', 'EMAIL', 'Y@YQ.SyD')
DEBUG:extracted:('https://www.cs.jhu.edu/~yarowsky/irwa-2024-02-06.mp4', 'EMAIL', 'd@u.x5')
DEBUG:extracted:('https://www.cs.jhu.edu/~yarowsky/irwa-2024-02-06.mp4', 'EMAIL', '7mu@P.MNg')
DEBUG:extracted:('https://www.cs.jhu.edu/~yarowsky/irwa-2024-02-06.mp4', 'EMAIL', 'r@5_.oݾdPL')
DEBUG:extracted:('https://www.cs.jhu.edu/~yarowsky/irwa-2024-02-06.mp4', 'EMAIL', '앎Mk@o.a')
DEBUG:extracted:('https://www.cs.jhu.edu/~yarowsky/irwa-2024-02-06.mp4', 'EMAIL', 'P@Ծ3.r')
DEBUG:extracted:('https://www.cs.jhu.edu/~yarowsky/irwa-2024-02-06.mp4', 'EMAIL', 'nL@YPʦD.C')
DEBUG:extracted:('https://www.cs.jhu.edu/~yarowsky/irwa-2024-02-06.mp4', 'EMAIL', 'Ug@q.a')
DEBUG:extracted:('https://www.cs.jhu.edu/~yarowsky/irwa-2024-02-06.mp4', 'EMAIL', 'B@ކ.6')
DEBUG:extracted:('https://www.cs.jhu.edu/~yarowsky/irwa-2024-02-06.mp4', 'EMAIL', 'á@ǚNW.MkL')
DEBUG:extracted:('https://www.cs.jhu.edu/~yarowsky/irwa-2024-02-06.mp4', 'EMAIL', 'Rh@T_7.Wmg2H')
DEBUG:extracted:('https://www.cs.jhu.edu/~yarowsky/irwa-2024-02-06.mp4', 'EMAIL', 'i@ݓ䄁b4.U')
DEBUG:extracted:('https://www.cs.jhu.edu/~yarowsky/irwa-2024-02-06.mp4', 'EMAIL', 'M@t1볋.8')
DEBUG:extracted:('https://www.cs.jhu.edu/~yarowsky/irwa-2024-02-06.mp4', 'EMAIL', '6@S2Tc5qE5.QX')
DEBUG:extracted:('https://www.cs.jhu.edu/~yarowsky/irwa-2024-02-06.mp4', 'EMAIL', 'D@ڇR.7M')
DEBUG:extracted:('https://www.cs.jhu.edu/~yarowsky/irwa-2024-02-06.mp4', 'EMAIL', 'I@Ȏp.dVZ')
DEBUG:extracted:('https://www.cs.jhu.edu/~yarowsky/irwa-2024-02-06.mp4', 'EMAIL', 'EH@dh.8VoM')
DEBUG:extracted:('https://www.cs.jhu.edu/~yarowsky/irwa-2024-02-06.mp4', 'EMAIL', '0d@JT..j')
DEBUG:extracted:('https://www.cs.jhu.edu/~yarowsky/irwa-2024-02-06.mp4', 'EMAIL', 'OӒSWR@U9y.pxA')
DEBUG:extracted:('https://www.cs.jhu.edu/~yarowsky/irwa-2024-02-06.mp4', 'EMAIL', '4Ta@vIuk.6O')
DEBUG:extracted:('https://www.cs.jhu.edu/~yarowsky/irwa-2024-02-06.mp4', 'EMAIL', '2@k.bN')
DEBUG:extracted:('https://www.cs.jhu.edu/~yarowsky/irwa-2024-02-06.mp4', 'EMAIL', 'K5@v.Ze')
DEBUG:extracted:('https://www.cs.jhu.edu/~yarowsky/irwa-2024-02-06.mp4', 'EMAIL', 'j@wdK.x')
DEBUG:extracted:('https://www.cs.jhu.edu/~yarowsky/irwa-2024-02-06.mp4', 'EMAIL', 'dÔ@H.8TLi_')
DEBUG:extracted:('https://www.cs.jhu.edu/~yarowsky/irwa-2024-02-06.mp4', 'EMAIL', 'xnV@Cpz.jǄ')
DEBUG:extracted:('https://www.cs.jhu.edu/~yarowsky/irwa-2024-02-06.mp4', 'EMAIL', 'k@2.F')
DEBUG:extracted:('https://www.cs.jhu.edu/~yarowsky/irwa-2024-02-06.mp4', 'EMAIL', '.@ݱmk4.8')
DEBUG:extracted:('https://www.cs.jhu.edu/~yarowsky/irwa-2024-02-06.mp4', 'EMAIL', 'e1@1EIV.ZNiz')
DEBUG:extracted:('https://www.cs.jhu.edu/~yarowsky/irwa-2024-02-06.mp4', 'EMAIL', 'yTkeS@v.je')
DEBUG:extracted:('https://www.cs.jhu.edu/~yarowsky/irwa-2024-02-06.mp4', 'EMAIL', 'DZPW-PI漠@J.59')
DEBUG:extracted:('https://www.cs.jhu.edu/~yarowsky/irwa-2024-02-06.mp4', 'EMAIL', '23@rΗ8.x')
DEBUG:extracted:('https://www.cs.jhu.edu/~yarowsky/irwa-2024-02-06.mp4', 'EMAIL', '父M@Z0ն.kn')
DEBUG:extracted:('https://www.cs.jhu.edu/~yarowsky/irwa-2024-02-06.mp4', 'EMAIL', '_xD6Ĕ@r.I')
DEBUG:extracted:('https://www.cs.jhu.edu/~yarowsky/irwa-2024-02-06.mp4', 'EMAIL', 'Pt@4l.xW')
DEBUG:extracted:('https://www.cs.jhu.edu/~yarowsky/irwa-2024-02-06.mp4', 'EMAIL', 'G@Fծ.O')
DEBUG:extracted:('https://www.cs.jhu.edu/~yarowsky/irwa-2024-02-06.mp4', 'EMAIL', '5@PG.1')
DEBUG:extracted:('https://www.cs.jhu.edu/~yarowsky/irwa-2024-02-06.mp4', 'EMAIL', '8uᗺ@O0.2')
DEBUG:extracted:('https://www.cs.jhu.edu/~yarowsky/irwa-2024-02-06.mp4', 'EMAIL', 'R@y.I')
DEBUG:extracted:('https://www.cs.jhu.edu/~yarowsky/irwa-2024-02-06.mp4', 'EMAIL', 'ܙl쉲E@_.jw')
DEBUG:extracted:('https://www.cs.jhu.edu/~yarowsky/irwa-2024-02-06.mp4', 'EMAIL', '-J@KquwU.T')
DEBUG:extracted:('https://www.cs.jhu.edu/~yarowsky/irwa-2024-02-06.mp4', 'EMAIL', 'c@x.p6bN')
DEBUG:extracted:('https://www.cs.jhu.edu/~yarowsky/irwa-2024-02-06.mp4', 'EMAIL', 'b2@ӟ.䭭5')
DEBUG:extracted:('https://www.cs.jhu.edu/~yarowsky/irwa-2024-02-06.mp4', 'EMAIL', 'eV@ZQ.Rє')
DEBUG:extracted:('https://www.cs.jhu.edu/~yarowsky/irwa-2024-02-06.mp4', 'EMAIL', 'WieI8jDa@klq5d7.z')
DEBUG:extracted:('https://www.cs.jhu.edu/~yarowsky/irwa-2024-02-06.mp4', 'EMAIL', 'J@_.ڨ')
DEBUG:extracted:('https://www.cs.jhu.edu/~yarowsky/irwa-2024-02-06.mp4', 'EMAIL', 'kr4H@cveϸX.pI')
DEBUG:extracted:('https://www.cs.jhu.edu/~yarowsky/irwa-2024-02-06.mp4', 'EMAIL', 'd@5.qK')
DEBUG:extracted:('https://www.cs.jhu.edu/~yarowsky/irwa-2024-02-06.mp4', 'EMAIL', 'e62@c.X')
DEBUG:extracted:('https://www.cs.jhu.edu/~yarowsky/irwa-2024-02-06.mp4', 'EMAIL', 'PTg@o5.jM')
DEBUG:extracted:('https://www.cs.jhu.edu/~yarowsky/irwa-2024-02-06.mp4', 'EMAIL', '1vgQ@o.Z')
DEBUG:extracted:('https://www.cs.jhu.edu/~yarowsky/irwa-2024-02-06.mp4', 'EMAIL', '2@Jn.x')
DEBUG:extracted:('https://www.cs.jhu.edu/~yarowsky/irwa-2024-02-06.mp4', 'EMAIL', 'iyO_@hF.UB')
DEBUG:extracted:('https://www.cs.jhu.edu/~yarowsky/irwa-2024-02-06.mp4', 'EMAIL', 'KY@N.y')
DEBUG:extracted:('https://www.cs.jhu.edu/~yarowsky/irwa-2024-02-06.mp4', 'EMAIL', '9@Nԩ.EA')
DEBUG:extracted:('https://www.cs.jhu.edu/~yarowsky/irwa-2024-02-06.mp4', 'EMAIL', 'ƃx@ubcnU.ad')
DEBUG:extracted:('https://www.cs.jhu.edu/~yarowsky/irwa-2024-02-06.mp4', 'EMAIL', '8B_So@3l.Y')
DEBUG:extracted:('https://www.cs.jhu.edu/~yarowsky/irwa-2024-02-06.mp4', 'EMAIL', '9@i.y')
DEBUG:extracted:('https://www.cs.jhu.edu/~yarowsky/irwa-2024-02-06.mp4', 'EMAIL', 'Pā@W.85U')
DEBUG:extracted:('https://www.cs.jhu.edu/~yarowsky/irwa-2024-02-06.mp4', 'EMAIL', 'S@8.XY')
DEBUG:extracted:('https://www.cs.jhu.edu/~yarowsky/irwa-2024-02-06.mp4', 'EMAIL', 'A0@y.UY')
DEBUG:extracted:('https://www.cs.jhu.edu/~yarowsky/irwa-2024-02-06.mp4', 'EMAIL', 'J.DΈSē9@hZǾAA.e')
DEBUG:extracted:('https://www.cs.jhu.edu/~yarowsky/irwa-2024-02-06.mp4', 'EMAIL', 'v5jI@7.a8ĵu')
DEBUG:extracted:('https://www.cs.jhu.edu/~yarowsky/irwa-2024-02-06.mp4', 'EMAIL', 'ލ@SZI-JL.e')
DEBUG:extracted:('https://www.cs.jhu.edu/~yarowsky/irwa-2024-02-06.mp4', 'EMAIL', 'H@W.N')
DEBUG:extracted:('https://www.cs.jhu.edu/~yarowsky/irwa-2024-02-06.mp4', 'EMAIL', 'aq@NH.jȯ')
DEBUG:extracted:('https://www.cs.jhu.edu/~yarowsky/irwa-2024-02-06.mp4', 'EMAIL', 'V@uT.A')
DEBUG:extracted:('https://www.cs.jhu.edu/~yarowsky/irwa-2024-02-06.mp4', 'EMAIL', 'so@oõ.Pk')
DEBUG:extracted:('https://www.cs.jhu.edu/~yarowsky/irwa-2024-02-06.mp4', 'EMAIL', 'B@C_.y')
DEBUG:extracted:('https://www.cs.jhu.edu/~yarowsky/irwa-2024-02-06.mp4', 'EMAIL', 'JFM@Ȗ.5eD')
DEBUG:extracted:('https://www.cs.jhu.edu/~yarowsky/irwa-2024-02-06.mp4', 'EMAIL', 'h@J.X')
DEBUG:extracted:('https://www.cs.jhu.edu/~yarowsky/irwa-2024-02-06.mp4', 'EMAIL', 'n@Ԣg.ڳKY')
DEBUG:extracted:('https://www.cs.jhu.edu/~yarowsky/irwa-2024-02-06.mp4', 'EMAIL', 'L@d._')
DEBUG:extracted:('https://www.cs.jhu.edu/~yarowsky/irwa-2024-02-06.mp4', 'EMAIL', 'h@5IJ똙.kZ')
DEBUG:extracted:('https://www.cs.jhu.edu/~yarowsky/irwa-2024-02-06.mp4', 'EMAIL', 'c9@5.r')
DEBUG:extracted:('https://www.cs.jhu.edu/~yarowsky/irwa-2024-02-06.mp4', 'EMAIL', 'ɬC@S.AR')
DEBUG:extracted:('https://www.cs.jhu.edu/~yarowsky/irwa-2024-02-06.mp4', 'EMAIL', 'B@Z.JUk')
DEBUG:extracted:('https://www.cs.jhu.edu/~yarowsky/irwa-2024-02-06.mp4', 'EMAIL', 'zfB@72.Ӡ')
DEBUG:extracted:('https://www.cs.jhu.edu/~yarowsky/irwa-2024-02-06.mp4', 'EMAIL', 'c@r.ZDzm')
DEBUG:extracted:('https://www.cs.jhu.edu/~yarowsky/irwa-2024-02-06.mp4', 'EMAIL', 'cYGQ@nk.o')
DEBUG:extracted:('https://www.cs.jhu.edu/~yarowsky/irwa-2024-02-06.mp4', 'EMAIL', 'M@nx.Zr7')
DEBUG:extracted:('https://www.cs.jhu.edu/~yarowsky/irwa-2024-02-06.mp4', 'EMAIL', '1MS6Jx@J.Z')
DEBUG:extracted:('https://www.cs.jhu.edu/~yarowsky/irwa-2024-02-06.mp4', 'EMAIL', 'O@dB.E')
DEBUG:extracted:('https://www.cs.jhu.edu/~yarowsky/irwa-2024-02-06.mp4', 'EMAIL', 'ƀ@B7ZR.C')
DEBUG:extracted:('https://www.cs.jhu.edu/~yarowsky/irwa-2024-02-06.mp4', 'EMAIL', 'RJIUY7@u.I1lH')
DEBUG:extracted:('https://www.cs.jhu.edu/~yarowsky/irwa-2024-02-06.mp4', 'EMAIL', 'Os@捷.G')
DEBUG:extracted:('https://www.cs.jhu.edu/~yarowsky/irwa-2024-02-06.mp4', 'EMAIL', 'Lʠ@R.U')
DEBUG:extracted:('https://www.cs.jhu.edu/~yarowsky/irwa-2024-02-06.mp4', 'EMAIL', 'ԤZ@n.դ')
DEBUG:extracted:('https://www.cs.jhu.edu/~yarowsky/irwa-2024-02-06.mp4', 'EMAIL', 'G@P.j')
DEBUG:extracted:('https://www.cs.jhu.edu/~yarowsky/irwa-2024-02-06.mp4', 'EMAIL', '-F@B.Jw')
DEBUG:extracted:('https://www.cs.jhu.edu/~yarowsky/irwa-2024-02-06.mp4', 'EMAIL', '籤@GN.Q')
DEBUG:extracted:('https://www.cs.jhu.edu/~yarowsky/irwa-2024-02-06.mp4', 'EMAIL', 'K@s.o')
DEBUG:extracted:('https://www.cs.jhu.edu/~yarowsky/irwa-2024-02-06.mp4', 'EMAIL', '8wsT@a.4')
DEBUG:extracted:('https://www.cs.jhu.edu/~yarowsky/irwa-2024-02-06.mp4', 'EMAIL', 'ĉL@Z.S')
DEBUG:extracted:('https://www.cs.jhu.edu/~yarowsky/irwa-2024-02-06.mp4', 'EMAIL', 'SP@uǧ.s')
DEBUG:extracted:('https://www.cs.jhu.edu/~yarowsky/irwa-2024-02-06.mp4', 'EMAIL', 'd@s.Sp')
DEBUG:extracted:('https://www.cs.jhu.edu/~yarowsky/irwa-2024-02-06.mp4', 'EMAIL', '-L@N.JS2s')
DEBUG:extracted:('https://www.cs.jhu.edu/~yarowsky/irwa-2024-02-06.mp4', 'EMAIL', 'qv@R.ě')
DEBUG:extracted:('https://www.cs.jhu.edu/~yarowsky/irwa-2024-02-06.mp4', 'EMAIL', 'F@NM.j70')
DEBUG:extracted:('https://www.cs.jhu.edu/~yarowsky/irwa-2024-02-06.mp4', 'EMAIL', '2D5jԋ@9.77MnnIT')
DEBUG:extracted:('https://www.cs.jhu.edu/~yarowsky/irwa-2024-02-06.mp4', 'EMAIL', 'yW@aj.i')
DEBUG:extracted:('https://www.cs.jhu.edu/~yarowsky/irwa-2024-02-06.mp4', 'EMAIL', '_5bJ@-ԆU.lHx')
DEBUG:extracted:('https://www.cs.jhu.edu/~yarowsky/irwa-2024-02-06.mp4', 'EMAIL', 't@CK.Q')
DEBUG:extracted:('https://www.cs.jhu.edu/~yarowsky/irwa-2024-02-06.mp4', 'EMAIL', 'y@e.CiVz')
DEBUG:extracted:('https://www.cs.jhu.edu/~yarowsky/irwa-2024-02-06.mp4', 'EMAIL', 'Ǭ@S3.vurێK3ઋ')
DEBUG:extracted:('https://www.cs.jhu.edu/~yarowsky/irwa-2024-02-06.mp4', 'EMAIL', 's@q.MzɫX')
DEBUG:extracted:('https://www.cs.jhu.edu/~yarowsky/irwa-2024-02-06.mp4', 'EMAIL', 'Kӝl@..J')
DEBUG:extracted:('https://www.cs.jhu.edu/~yarowsky/irwa-2024-02-06.mp4', 'EMAIL', '1OI@.5S._N0')
DEBUG:extracted:('https://www.cs.jhu.edu/~yarowsky/irwa-2024-02-06.mp4', 'EMAIL', 'ndnզE@ym.b')
DEBUG:extracted:('https://www.cs.jhu.edu/~yarowsky/irwa-2024-02-06.mp4', 'EMAIL', 's@6.a')
DEBUG:extracted:('https://www.cs.jhu.edu/~yarowsky/irwa-2024-02-06.mp4', 'EMAIL', 'C3@I.8')
DEBUG:extracted:('https://www.cs.jhu.edu/~yarowsky/irwa-2024-02-06.mp4', 'EMAIL', 'f@2dT.ćA')
DEBUG:extracted:('https://www.cs.jhu.edu/~yarowsky/irwa-2024-02-06.mp4', 'EMAIL', 'i4Q@f.Nɐ')
DEBUG:extracted:('https://www.cs.jhu.edu/~yarowsky/irwa-2024-02-06.mp4', 'EMAIL', 'bbwFCW@rV.Q')
DEBUG:extracted:('https://www.cs.jhu.edu/~yarowsky/irwa-2024-02-06.mp4', 'EMAIL', 'j@zc.Ʋ')
DEBUG:extracted:('https://www.cs.jhu.edu/~yarowsky/irwa-2024-02-06.mp4', 'EMAIL', 'Ł@5G12PFK.U')
DEBUG:extracted:('https://www.cs.jhu.edu/~yarowsky/irwa-2024-02-06.mp4', 'EMAIL', '2B@4.bi0uR')
DEBUG:extracted:('https://www.cs.jhu.edu/~yarowsky/irwa-2024-02-06.mp4', 'EMAIL', 'B@iib.X')
DEBUG:extracted:('https://www.cs.jhu.edu/~yarowsky/irwa-2024-02-06.mp4', 'EMAIL', 'lʁ@JקAkk.i9ak߄h5')
DEBUG:extracted:('https://www.cs.jhu.edu/~yarowsky/irwa-2024-02-06.mp4', 'EMAIL', 'X@e..4rT')
DEBUG:extracted:('https://www.cs.jhu.edu/~yarowsky/irwa-2024-02-06.mp4', 'EMAIL', 'Z@U.טh')
DEBUG:extracted:('https://www.cs.jhu.edu/~yarowsky/irwa-2024-02-06.mp4', 'EMAIL', 'bdTG@W.c')
DEBUG:extracted:('https://www.cs.jhu.edu/~yarowsky/irwa-2024-02-06.mp4', 'EMAIL', 'q@F.pC')
DEBUG:extracted:('https://www.cs.jhu.edu/~yarowsky/irwa-2024-02-06.mp4', 'EMAIL', '6u@U.YI_N.J')
DEBUG:extracted:('https://www.cs.jhu.edu/~yarowsky/irwa-2024-02-06.mp4', 'EMAIL', 'k@y.V')
DEBUG:extracted:('https://www.cs.jhu.edu/~yarowsky/irwa-2024-02-06.mp4', 'EMAIL', 'X@N.9')
DEBUG:extracted:('https://www.cs.jhu.edu/~yarowsky/irwa-2024-02-06.mp4', 'EMAIL', '5vU@AdO.6OxItZ')
DEBUG:extracted:('https://www.cs.jhu.edu/~yarowsky/irwa-2024-02-06.mp4', 'EMAIL', 'uhJlTO@6.G')
DEBUG:extracted:('https://www.cs.jhu.edu/~yarowsky/irwa-2024-02-06.mp4', 'EMAIL', '5@e.uM')
DEBUG:extracted:('https://www.cs.jhu.edu/~yarowsky/irwa-2024-02-06.mp4', 'EMAIL', 's@kc.r')
DEBUG:extracted:('https://www.cs.jhu.edu/~yarowsky/irwa-2024-02-06.mp4', 'EMAIL', '奉F@Ӊws.II')
DEBUG:extracted:('https://www.cs.jhu.edu/~yarowsky/irwa-2024-02-06.mp4', 'EMAIL', 'u@R.L')
DEBUG:extracted:('https://www.cs.jhu.edu/~yarowsky/irwa-2024-02-06.mp4', 'EMAIL', '-Z@bD.F')
DEBUG:extracted:('https://www.cs.jhu.edu/~yarowsky/irwa-2024-02-06.mp4', 'EMAIL', '9au@w.kpiqo')
DEBUG:extracted:('https://www.cs.jhu.edu/~yarowsky/irwa-2024-02-06.mp4', 'EMAIL', 'y@kT.ޥ')
DEBUG:extracted:('https://www.cs.jhu.edu/~yarowsky/irwa-2024-02-06.mp4', 'EMAIL', '9mhI@G.h')
DEBUG:extracted:('https://www.cs.jhu.edu/~yarowsky/irwa-2024-02-06.mp4', 'EMAIL', '7@k.6')
DEBUG:extracted:('https://www.cs.jhu.edu/~yarowsky/irwa-2024-02-06.mp4', 'EMAIL', '믪@A.6YR')
DEBUG:extracted:('https://www.cs.jhu.edu/~yarowsky/irwa-2024-02-06.mp4', 'EMAIL', 'ԝÑ@Ă.s')
DEBUG:extracted:('https://www.cs.jhu.edu/~yarowsky/irwa-2024-02-06.mp4', 'EMAIL', '0qk@-yMԢv.ª')
DEBUG:extracted:('https://www.cs.jhu.edu/~yarowsky/irwa-2024-02-06.mp4', 'EMAIL', 'Es@KM.x')
DEBUG:extracted:('https://www.cs.jhu.edu/~yarowsky/irwa-2024-02-06.mp4', 'EMAIL', 'pİ@XᕎĂ.by')
DEBUG:extracted:('https://www.cs.jhu.edu/~yarowsky/irwa-2024-02-06.mp4', 'EMAIL', 'WZ@6L.EL')
DEBUG:extracted:('https://www.cs.jhu.edu/~yarowsky/irwa-2024-02-06.mp4', 'EMAIL', 'F@-Ջ.3')
DEBUG:extracted:('https://www.cs.jhu.edu/~yarowsky/irwa-2024-02-06.mp4', 'EMAIL', 'R@2.5')
DEBUG:extracted:('https://www.cs.jhu.edu/~yarowsky/irwa-2024-02-06.mp4', 'EMAIL', 'A@zj.vB')
DEBUG:extracted:('https://www.cs.jhu.edu/~yarowsky/irwa-2024-02-06.mp4', 'EMAIL', 'BC@Ia.r')
DEBUG:extracted:('https://www.cs.jhu.edu/~yarowsky/irwa-2024-02-06.mp4', 'EMAIL', 'Pq@tkm.Lf')
DEBUG:extracted:('https://www.cs.jhu.edu/~yarowsky/irwa-2024-02-06.mp4', 'EMAIL', 'KT@f.U')
DEBUG:extracted:('https://www.cs.jhu.edu/~yarowsky/irwa-2024-02-06.mp4', 'EMAIL', 'iX@T3.igx')
DEBUG:extracted:('https://www.cs.jhu.edu/~yarowsky/irwa-2024-02-06.mp4', 'EMAIL', 't5@S.c')
DEBUG:extracted:('https://www.cs.jhu.edu/~yarowsky/irwa-2024-02-06.mp4', 'EMAIL', 'Lya@N.PᐄKv')
DEBUG:extracted:('https://www.cs.jhu.edu/~yarowsky/irwa-2024-02-06.mp4', 'EMAIL', '4PW4ȦI@t.퍔Ů')
DEBUG:extracted:('https://www.cs.jhu.edu/~yarowsky/irwa-2024-02-06.mp4', 'EMAIL', 'F@VMU.1ʫpjM4P')
DEBUG:extracted:('https://www.cs.jhu.edu/~yarowsky/irwa-2024-02-06.mp4', 'EMAIL', 'KMGIB@l.O3')
DEBUG:extracted:('https://www.cs.jhu.edu/~yarowsky/irwa-2024-02-06.mp4', 'EMAIL', '8@i.fV')
DEBUG:extracted:('https://www.cs.jhu.edu/~yarowsky/irwa-2024-02-06.mp4', 'EMAIL', '3Z@TvE.o')
DEBUG:extracted:('https://www.cs.jhu.edu/~yarowsky/irwa-2024-02-06.mp4', 'EMAIL', 'CD@Mo.2pYUKqz')
DEBUG:extracted:('https://www.cs.jhu.edu/~yarowsky/irwa-2024-02-06.mp4', 'EMAIL', 'W@.Ye0.vڛJ')
DEBUG:extracted:('https://www.cs.jhu.edu/~yarowsky/irwa-2024-02-06.mp4', 'EMAIL', 'M@CP8.a')
DEBUG:extracted:('https://www.cs.jhu.edu/~yarowsky/irwa-2024-02-06.mp4', 'EMAIL', 'gQz@jڻWB.sl')
DEBUG:extracted:('https://www.cs.jhu.edu/~yarowsky/irwa-2024-02-06.mp4', 'EMAIL', 'i@g.g')
DEBUG:extracted:('https://www.cs.jhu.edu/~yarowsky/irwa-2024-02-06.mp4', 'EMAIL', 'Luc@Zǖ.di')
DEBUG:extracted:('https://www.cs.jhu.edu/~yarowsky/irwa-2024-02-06.mp4', 'EMAIL', 'Yb@P.N')
DEBUG:extracted:('https://www.cs.jhu.edu/~yarowsky/irwa-2024-02-06.mp4', 'EMAIL', 'Ϳ@f.5')
DEBUG:extracted:('https://www.cs.jhu.edu/~yarowsky/irwa-2024-02-06.mp4', 'EMAIL', 'fLm@r.ӗΉ')
DEBUG:extracted:('https://www.cs.jhu.edu/~yarowsky/irwa-2024-02-06.mp4', 'EMAIL', '5K@ĉ.w')
DEBUG:extracted:('https://www.cs.jhu.edu/~yarowsky/irwa-2024-02-06.mp4', 'EMAIL', 'B1@kNjo.Ҥ')
DEBUG:extracted:('https://www.cs.jhu.edu/~yarowsky/irwa-2024-02-06.mp4', 'EMAIL', 'd@N.dV')
DEBUG:extracted:('https://www.cs.jhu.edu/~yarowsky/irwa-2024-02-06.mp4', 'EMAIL', '83ן@гB.C')
DEBUG:extracted:('https://www.cs.jhu.edu/~yarowsky/irwa-2024-02-06.mp4', 'EMAIL', 'rC@o.7ը')
DEBUG:extracted:('https://www.cs.jhu.edu/~yarowsky/irwa-2024-02-06.mp4', 'EMAIL', 'eJ1tq@8cF.L')
DEBUG:extracted:('https://www.cs.jhu.edu/~yarowsky/irwa-2024-02-06.mp4', 'EMAIL', '属@rЊ.I')
DEBUG:extracted:('https://www.cs.jhu.edu/~yarowsky/irwa-2024-02-06.mp4', 'EMAIL', 'q@Ii.V')
DEBUG:extracted:('https://www.cs.jhu.edu/~yarowsky/irwa-2024-02-06.mp4', 'EMAIL', 'N@f.l')
DEBUG:extracted:('https://www.cs.jhu.edu/~yarowsky/irwa-2024-02-06.mp4', 'EMAIL', 'GޞO@mw.wOxv')
DEBUG:extracted:('https://www.cs.jhu.edu/~yarowsky/irwa-2024-02-06.mp4', 'EMAIL', 'm@ux.iM2')
DEBUG:extracted:('https://www.cs.jhu.edu/~yarowsky/irwa-2024-02-06.mp4', 'EMAIL', 'qݩ@2Y9c.oJe')
DEBUG:extracted:('https://www.cs.jhu.edu/~yarowsky/irwa-2024-02-06.mp4', 'EMAIL', 'ǲV@_.w')
DEBUG:extracted:('https://www.cs.jhu.edu/~yarowsky/irwa-2024-02-06.mp4', 'EMAIL', 'K@NZT.ԙn')
DEBUG:extracted:('https://www.cs.jhu.edu/~yarowsky/irwa-2024-02-06.mp4', 'EMAIL', 'ߋg@C.wV珘9s')
DEBUG:extracted:('https://www.cs.jhu.edu/~yarowsky/irwa-2024-02-06.mp4', 'EMAIL', 'c@ySWs1s.䪫')
DEBUG:extracted:('https://www.cs.jhu.edu/~yarowsky/irwa-2024-02-06.mp4', 'EMAIL', '.D@U.ȵ')
DEBUG:extracted:('https://www.cs.jhu.edu/~yarowsky/irwa-2024-02-06.mp4', 'EMAIL', 'Xy@Pg.U')
DEBUG:extracted:('https://www.cs.jhu.edu/~yarowsky/irwa-2024-02-06.mp4', 'EMAIL', '1U@tJ.Pg')
DEBUG:extracted:('https://www.cs.jhu.edu/~yarowsky/irwa-2024-02-06.mp4', 'EMAIL', 'qK4o9ZGF@l.fJq')
DEBUG:extracted:('https://www.cs.jhu.edu/~yarowsky/irwa-2024-02-06.mp4', 'EMAIL', 'hg7@1.Bwx')
DEBUG:extracted:('https://www.cs.jhu.edu/~yarowsky/irwa-2024-02-06.mp4', 'EMAIL', '-6fD@pG.S')
DEBUG:extracted:('https://www.cs.jhu.edu/~yarowsky/irwa-2024-02-06.mp4', 'EMAIL', 'v@NrUiPN.Ea93li')
DEBUG:extracted:('https://www.cs.jhu.edu/~yarowsky/irwa-2024-02-06.mp4', 'EMAIL', 'aQ@ݖT.j㲤')
DEBUG:extracted:('https://www.cs.jhu.edu/~yarowsky/irwa-2024-02-06.mp4', 'EMAIL', 'WG9G@rF3.T')
DEBUG:extracted:('https://www.cs.jhu.edu/~yarowsky/irwa-2024-02-06.mp4', 'EMAIL', 'fZc@hX_.L')
DEBUG:extracted:('https://www.cs.jhu.edu/~yarowsky/irwa-2024-02-06.mp4', 'EMAIL', 'w@ODJ.w')
DEBUG:extracted:('https://www.cs.jhu.edu/~yarowsky/irwa-2024-02-06.mp4', 'EMAIL', 'YI@0V.a')
DEBUG:extracted:('https://www.cs.jhu.edu/~yarowsky/irwa-2024-02-06.mp4', 'EMAIL', 'bsYU@gH.02I')
DEBUG:extracted:('https://www.cs.jhu.edu/~yarowsky/irwa-2024-02-06.mp4', 'EMAIL', 'Dc᮳@m8E.yo')
DEBUG:extracted:('https://www.cs.jhu.edu/~yarowsky/irwa-2024-02-06.mp4', 'EMAIL', 'ëo@_Tz.b')
DEBUG:extracted:('https://www.cs.jhu.edu/~yarowsky/irwa-2024-02-06.mp4', 'EMAIL', 'j@r.ԞSNU')
DEBUG:extracted:('https://www.cs.jhu.edu/~yarowsky/irwa-2024-02-06.mp4', 'EMAIL', 'g@5.ZxK')
DEBUG:extracted:('https://www.cs.jhu.edu/~yarowsky/irwa-2024-02-06.mp4', 'EMAIL', 'R@J.l')
DEBUG:extracted:('https://www.cs.jhu.edu/~yarowsky/irwa-2024-02-06.mp4', 'EMAIL', 'V@jm.ff')
DEBUG:extracted:('https://www.cs.jhu.edu/~yarowsky/irwa-2024-02-06.mp4', 'EMAIL', 'w@2z.cW')
DEBUG:extracted:('https://www.cs.jhu.edu/~yarowsky/irwa-2024-02-06.mp4', 'EMAIL', 'ԭ@8.Bai')
DEBUG:extracted:('https://www.cs.jhu.edu/~yarowsky/irwa-2024-02-06.mp4', 'EMAIL', '3d@ᅌP.Ga')
DEBUG:extracted:('https://www.cs.jhu.edu/~yarowsky/irwa-2024-02-06.mp4', 'EMAIL', 'P@T.Q')
DEBUG:extracted:('https://www.cs.jhu.edu/~yarowsky/irwa-2024-02-06.mp4', 'EMAIL', 'L@W._')
DEBUG:extracted:('https://www.cs.jhu.edu/~yarowsky/irwa-2024-02-06.mp4', 'EMAIL', 'cJ1CKe@v.Dΐ')
DEBUG:extracted:('https://www.cs.jhu.edu/~yarowsky/irwa-2024-02-06.mp4', 'EMAIL', 'w@1BxZކKa.0zWƣ')
DEBUG:extracted:('https://www.cs.jhu.edu/~yarowsky/irwa-2024-02-06.mp4', 'EMAIL', 'D@n0g.5r7')
DEBUG:extracted:('https://www.cs.jhu.edu/~yarowsky/irwa-2024-02-06.mp4', 'EMAIL', 'Jv@mzCAZh.g')
DEBUG:extracted:('https://www.cs.jhu.edu/~yarowsky/irwa-2024-02-06.mp4', 'EMAIL', 'Ȣ@tƾ.H')
DEBUG:extracted:('https://www.cs.jhu.edu/~yarowsky/irwa-2024-02-06.mp4', 'EMAIL', 'UR@Y.f')
DEBUG:extracted:('https://www.cs.jhu.edu/~yarowsky/irwa-2024-02-06.mp4', 'EMAIL', 'rI5d@rj05.D_')
DEBUG:extracted:('https://www.cs.jhu.edu/~yarowsky/irwa-2024-02-06.mp4', 'EMAIL', 'u@V0g.a')
DEBUG:extracted:('https://www.cs.jhu.edu/~yarowsky/irwa-2024-02-06.mp4', 'EMAIL', 'g@MW.v3YƑX')
DEBUG:extracted:('https://www.cs.jhu.edu/~yarowsky/irwa-2024-02-06.mp4', 'EMAIL', 'uFHx@h.ذZ')
DEBUG:extracted:('https://www.cs.jhu.edu/~yarowsky/irwa-2024-02-06.mp4', 'EMAIL', 'A@W3.r䊼e')
DEBUG:extracted:('https://www.cs.jhu.edu/~yarowsky/irwa-2024-02-06.mp4', 'EMAIL', '0b@E.d')
DEBUG:extracted:('https://www.cs.jhu.edu/~yarowsky/irwa-2024-02-06.mp4', 'EMAIL', 'r@Þ.G')
DEBUG:extracted:('https://www.cs.jhu.edu/~yarowsky/irwa-2024-02-06.mp4', 'EMAIL', 'o0G@G.7')
DEBUG:extracted:('https://www.cs.jhu.edu/~yarowsky/irwa-2024-02-06.mp4', 'EMAIL', 'W@P.N')
DEBUG:extracted:('https://www.cs.jhu.edu/~yarowsky/irwa-2024-02-06.mp4', 'EMAIL', 'D@û9.k')
DEBUG:extracted:('https://www.cs.jhu.edu/~yarowsky/irwa-2024-02-06.mp4', 'EMAIL', '-Z2I@..2d')
DEBUG:extracted:('https://www.cs.jhu.edu/~yarowsky/irwa-2024-02-06.mp4', 'EMAIL', 's@JL.Hc')
DEBUG:extracted:('https://www.cs.jhu.edu/~yarowsky/irwa-2024-02-06.mp4', 'EMAIL', 'Vor-5N7@y.L')
DEBUG:extracted:('https://www.cs.jhu.edu/~yarowsky/irwa-2024-02-06.mp4', 'EMAIL', 'O@Sqy.x')
DEBUG:extracted:('https://www.cs.jhu.edu/~yarowsky/irwa-2024-02-06.mp4', 'EMAIL', 'CQX@vP.t5')
DEBUG:extracted:('https://www.cs.jhu.edu/~yarowsky/irwa-2024-02-06.mp4', 'EMAIL', 'k.@BӮZ1.78')
DEBUG:extracted:('https://www.cs.jhu.edu/~yarowsky/irwa-2024-02-06.mp4', 'EMAIL', 'K@TfyFD.o')
DEBUG:extracted:('https://www.cs.jhu.edu/~yarowsky/irwa-2024-02-06.mp4', 'EMAIL', 'ݗB@6p.Gb')
DEBUG:extracted:('https://www.cs.jhu.edu/~yarowsky/irwa-2024-02-06.mp4', 'EMAIL', 'R@nć.mn')
DEBUG:extracted:('https://www.cs.jhu.edu/~yarowsky/irwa-2024-02-06.mp4', 'EMAIL', 'u@Uf.Nmxk6K')
DEBUG:extracted:('https://www.cs.jhu.edu/~yarowsky/irwa-2024-02-06.mp4', 'EMAIL', 'Jl@O.Cr')
DEBUG:extracted:('https://www.cs.jhu.edu/~yarowsky/irwa-2024-02-06.mp4', 'EMAIL', 'BՒ@ZJ.NeMb')
DEBUG:extracted:('https://www.cs.jhu.edu/~yarowsky/irwa-2024-02-06.mp4', 'EMAIL', 'A_@vZ.E')
DEBUG:extracted:('https://www.cs.jhu.edu/~yarowsky/irwa-2024-02-06.mp4', 'EMAIL', 'ɜ@YG.xg')
DEBUG:extracted:('https://www.cs.jhu.edu/~yarowsky/irwa-2024-02-06.mp4', 'EMAIL', '8c@y.yvjH')
DEBUG:extracted:('https://www.cs.jhu.edu/~yarowsky/irwa-2024-02-06.mp4', 'EMAIL', 'r@z.K')
DEBUG:extracted:('https://www.cs.jhu.edu/~yarowsky/irwa-2024-02-06.mp4', 'EMAIL', 'Ņs5@4.9')
DEBUG:extracted:('https://www.cs.jhu.edu/~yarowsky/irwa-2024-02-06.mp4', 'EMAIL', '0ȯ.@z1J9.Chh')
DEBUG:extracted:('https://www.cs.jhu.edu/~yarowsky/irwa-2024-02-06.mp4', 'EMAIL', 'sFؤJl@O.ue')
DEBUG:extracted:('https://www.cs.jhu.edu/~yarowsky/irwa-2024-02-06.mp4', 'EMAIL', 'peup@wWX.6j')
DEBUG:extracted:('https://www.cs.jhu.edu/~yarowsky/irwa-2024-02-06.mp4', 'EMAIL', 'CGҋ@30.Z')
DEBUG:extracted:('https://www.cs.jhu.edu/~yarowsky/irwa-2024-02-06.mp4', 'EMAIL', 'K.p@K.ґGДg')
DEBUG:extracted:('https://www.cs.jhu.edu/~yarowsky/irwa-2024-02-06.mp4', 'EMAIL', 'Y@BU.W')
DEBUG:extracted:('https://www.cs.jhu.edu/~yarowsky/irwa-2024-02-06.mp4', 'EMAIL', 'r@Y6.IO')
DEBUG:extracted:('https://www.cs.jhu.edu/~yarowsky/irwa-2024-02-06.mp4', 'EMAIL', 'A@x.t')
DEBUG:extracted:('https://www.cs.jhu.edu/~yarowsky/irwa-2024-02-06.mp4', 'EMAIL', '1@OmTEuwUO.kG')
DEBUG:extracted:('https://www.cs.jhu.edu/~yarowsky/irwa-2024-02-06.mp4', 'EMAIL', '1@Aa.ZE0')
DEBUG:extracted:('https://www.cs.jhu.edu/~yarowsky/irwa-2024-02-06.mp4', 'EMAIL', 'V@uU.Xx')
DEBUG:extracted:('https://www.cs.jhu.edu/~yarowsky/irwa-2024-02-06.mp4', 'EMAIL', 'zȭpr@v.z')
DEBUG:extracted:('https://www.cs.jhu.edu/~yarowsky/irwa-2024-02-06.mp4', 'EMAIL', '7@Q.Oс')
DEBUG:extracted:('https://www.cs.jhu.edu/~yarowsky/irwa-2024-02-06.mp4', 'EMAIL', 'ѳ@rD.Q')
DEBUG:extracted:('https://www.cs.jhu.edu/~yarowsky/irwa-2024-02-06.mp4', 'EMAIL', '2@Z.u')
DEBUG:extracted:('https://www.cs.jhu.edu/~yarowsky/irwa-2024-02-06.mp4', 'EMAIL', 'O@.C.e')
DEBUG:extracted:('https://www.cs.jhu.edu/~yarowsky/irwa-2024-02-06.mp4', 'EMAIL', 'B@R.X')
DEBUG:extracted:('https://www.cs.jhu.edu/~yarowsky/irwa-2024-02-06.mp4', 'EMAIL', 'hWs@sJ.DzL')
DEBUG:extracted:('https://www.cs.jhu.edu/~yarowsky/irwa-2024-02-06.mp4', 'EMAIL', 'xY@0av.v')
DEBUG:extracted:('https://www.cs.jhu.edu/~yarowsky/irwa-2024-02-06.mp4', 'EMAIL', 'H@鍔.R9ziN')
DEBUG:extracted:('https://www.cs.jhu.edu/~yarowsky/irwa-2024-02-06.mp4', 'EMAIL', '_@0.6ʵ')
DEBUG:extracted:('https://www.cs.jhu.edu/~yarowsky/irwa-2024-02-06.mp4', 'EMAIL', 'N@zcIĦ.55')
DEBUG:extracted:('https://www.cs.jhu.edu/~yarowsky/irwa-2024-02-06.mp4', 'EMAIL', 'Tvmz۹@9.jkx')
DEBUG:extracted:('https://www.cs.jhu.edu/~yarowsky/irwa-2024-02-06.mp4', 'EMAIL', 't@dr.BWݧ')
DEBUG:extracted:('https://www.cs.jhu.edu/~yarowsky/irwa-2024-02-06.mp4', 'EMAIL', 'Xt@o.d')
DEBUG:extracted:('https://www.cs.jhu.edu/~yarowsky/irwa-2024-02-06.mp4', 'EMAIL', 'p@..7uz')
DEBUG:extracted:('https://www.cs.jhu.edu/~yarowsky/irwa-2024-02-06.mp4', 'EMAIL', 'p@zu-LϾP.i')
DEBUG:extracted:('https://www.cs.jhu.edu/~yarowsky/irwa-2024-02-06.mp4', 'EMAIL', 's@IʃY.x')
DEBUG:extracted:('https://www.cs.jhu.edu/~yarowsky/irwa-2024-02-06.mp4', 'EMAIL', 'h@ۍFf.d')
DEBUG:extracted:('https://www.cs.jhu.edu/~yarowsky/irwa-2024-02-06.mp4', 'EMAIL', 'C@Lt.nFݙEhwxQQ')
DEBUG:extracted:('https://www.cs.jhu.edu/~yarowsky/irwa-2024-02-06.mp4', 'EMAIL', 'zݒ@IMlIU.Ͽ')
DEBUG:extracted:('https://www.cs.jhu.edu/~yarowsky/irwa-2024-02-06.mp4', 'EMAIL', '2㼑k@L.rӍ1G')
DEBUG:extracted:('https://www.cs.jhu.edu/~yarowsky/irwa-2024-02-06.mp4', 'EMAIL', 'bv@gta.ܝ')
DEBUG:extracted:('https://www.cs.jhu.edu/~yarowsky/irwa-2024-02-06.mp4', 'EMAIL', '2s@Rk.sTp')
DEBUG:extracted:('https://www.cs.jhu.edu/~yarowsky/irwa-2024-02-06.mp4', 'EMAIL', 'cJ@n.q')
DEBUG:extracted:('https://www.cs.jhu.edu/~yarowsky/irwa-2024-02-06.mp4', 'EMAIL', 'd@_..N')
DEBUG:extracted:('https://www.cs.jhu.edu/~yarowsky/irwa-2024-02-06.mp4', 'EMAIL', 'Fy@6.X36z')
DEBUG:extracted:('https://www.cs.jhu.edu/~yarowsky/irwa-2024-02-06.mp4', 'EMAIL', 'RP_LQ@2.ʢ')
DEBUG:extracted:('https://www.cs.jhu.edu/~yarowsky/irwa-2024-02-06.mp4', 'EMAIL', 'A@V.4z')
DEBUG:extracted:('https://www.cs.jhu.edu/~yarowsky/irwa-2024-02-06.mp4', 'EMAIL', 'Y@pb.dF')
DEBUG:extracted:('https://www.cs.jhu.edu/~yarowsky/irwa-2024-02-06.mp4', 'EMAIL', 'Pd@wD4z.ףª')
DEBUG:extracted:('https://www.cs.jhu.edu/~yarowsky/irwa-2024-02-06.mp4', 'EMAIL', 'Heo@ʵJ.b')
DEBUG:extracted:('https://www.cs.jhu.edu/~yarowsky/irwa-2024-02-06.mp4', 'EMAIL', '6ыUEzQwPP@H.iRM')
DEBUG:extracted:('https://www.cs.jhu.edu/~yarowsky/irwa-2024-02-06.mp4', 'EMAIL', 'ǈnδ@vz1.cq')
DEBUG:extracted:('https://www.cs.jhu.edu/~yarowsky/irwa-2024-02-06.mp4', 'EMAIL', 'K@QL._')
DEBUG:extracted:('https://www.cs.jhu.edu/~yarowsky/irwa-2024-02-06.mp4', 'EMAIL', 'R@z.Gxd4')
DEBUG:extracted:('https://www.cs.jhu.edu/~yarowsky/irwa-2024-02-06.mp4', 'EMAIL', '2@Yċ1.SdHt')
DEBUG:extracted:('https://www.cs.jhu.edu/~yarowsky/irwa-2024-02-06.mp4', 'EMAIL', 'gƕ@ߜ.ML')
DEBUG:extracted:('https://www.cs.jhu.edu/~yarowsky/irwa-2024-02-06.mp4', 'EMAIL', '-h@5z.F')
DEBUG:extracted:('https://www.cs.jhu.edu/~yarowsky/irwa-2024-02-06.mp4', 'EMAIL', '3@J.dE')
DEBUG:extracted:('https://www.cs.jhu.edu/~yarowsky/irwa-2024-02-06.mp4', 'EMAIL', 'ae@WM.YTJ')
DEBUG:extracted:('https://www.cs.jhu.edu/~yarowsky/irwa-2024-02-06.mp4', 'EMAIL', 'F@g.rV')
DEBUG:extracted:('https://www.cs.jhu.edu/~yarowsky/irwa-2024-02-06.mp4', 'EMAIL', 'OqPT@ѓs.c')
DEBUG:extracted:('https://www.cs.jhu.edu/~yarowsky/irwa-2024-02-06.mp4', 'EMAIL', 'Մ@K3.o')
DEBUG:extracted:('https://www.cs.jhu.edu/~yarowsky/irwa-2024-02-06.mp4', 'EMAIL', 'ni@L.IMZ')
DEBUG:extracted:('https://www.cs.jhu.edu/~yarowsky/irwa-2024-02-06.mp4', 'EMAIL', 'BB@9D.bQ鮗')
DEBUG:extracted:('https://www.cs.jhu.edu/~yarowsky/irwa-2024-02-06.mp4', 'EMAIL', 'v@7N.z')
DEBUG:extracted:('https://www.cs.jhu.edu/~yarowsky/irwa-2024-02-06.mp4', 'EMAIL', 'g@Z.2')
DEBUG:extracted:('https://www.cs.jhu.edu/~yarowsky/irwa-2024-02-06.mp4', 'EMAIL', 'U承@le.cˈDA')
DEBUG:extracted:('https://www.cs.jhu.edu/~yarowsky/irwa-2024-02-06.mp4', 'EMAIL', 'o@s.3')
DEBUG:extracted:('https://www.cs.jhu.edu/~yarowsky/irwa-2024-02-06.mp4', 'EMAIL', 'v@nSc.9kҸ0')
DEBUG:extracted:('https://www.cs.jhu.edu/~yarowsky/irwa-2024-02-06.mp4', 'EMAIL', '2@J_NYT-U.e')
DEBUG:extracted:('https://www.cs.jhu.edu/~yarowsky/irwa-2024-02-06.mp4', 'EMAIL', 'ka@X.CD')
DEBUG:extracted:('https://www.cs.jhu.edu/~yarowsky/irwa-2024-02-06.mp4', 'EMAIL', 'IyBbBPUרV@L.6D')
DEBUG:extracted:('https://www.cs.jhu.edu/~yarowsky/irwa-2024-02-06.mp4', 'EMAIL', 'T@qF.WXZeR4')
DEBUG:extracted:('https://www.cs.jhu.edu/~yarowsky/irwa-2024-02-06.mp4', 'EMAIL', 'iod@-.7p2I')
DEBUG:extracted:('https://www.cs.jhu.edu/~yarowsky/irwa-2024-02-06.mp4', 'EMAIL', 'S_9-@Cs8q.m')
DEBUG:extracted:('https://www.cs.jhu.edu/~yarowsky/irwa-2024-02-06.mp4', 'EMAIL', '2@DIqrnjy.q')
DEBUG:extracted:('https://www.cs.jhu.edu/~yarowsky/irwa-2024-02-06.mp4', 'EMAIL', 'w@p-UP1v.Zݶ')
DEBUG:extracted:('https://www.cs.jhu.edu/~yarowsky/irwa-2024-02-06.mp4', 'EMAIL', 'Ze17@W.U')
DEBUG:extracted:('https://www.cs.jhu.edu/~yarowsky/irwa-2024-02-06.mp4', 'EMAIL', 'L@Cms.N')
DEBUG:extracted:('https://www.cs.jhu.edu/~yarowsky/irwa-2024-02-06.mp4', 'EMAIL', '8@U.qo')
DEBUG:extracted:('https://www.cs.jhu.edu/~yarowsky/irwa-2024-02-06.mp4', 'EMAIL', 'p@9.z')
DEBUG:extracted:('https://www.cs.jhu.edu/~yarowsky/irwa-2024-02-06.mp4', 'EMAIL', 'm@-ZɆ56Ur.C')
DEBUG:extracted:('https://www.cs.jhu.edu/~yarowsky/irwa-2024-02-06.mp4', 'EMAIL', 'j@11.DI')
DEBUG:extracted:('https://www.cs.jhu.edu/~yarowsky/irwa-2024-02-06.mp4', 'EMAIL', 'iYRsb@2.Ygr')
DEBUG:extracted:('https://www.cs.jhu.edu/~yarowsky/irwa-2024-02-06.mp4', 'EMAIL', '8B73mE@L.T')
DEBUG:extracted:('https://www.cs.jhu.edu/~yarowsky/irwa-2024-02-06.mp4', 'EMAIL', 'ģ4@z.ӥ')
DEBUG:extracted:('https://www.cs.jhu.edu/~yarowsky/irwa-2024-02-06.mp4', 'EMAIL', 't@ѹOi.B')
DEBUG:extracted:('https://www.cs.jhu.edu/~yarowsky/irwa-2024-02-06.mp4', 'EMAIL', '.@um.Sf8fPՍbr')
DEBUG:extracted:('https://www.cs.jhu.edu/~yarowsky/irwa-2024-02-06.mp4', 'EMAIL', 'ԃTV@S.Ã')
DEBUG:extracted:('https://www.cs.jhu.edu/~yarowsky/irwa-2024-02-06.mp4', 'EMAIL', '0@w2.AV')
DEBUG:extracted:('https://www.cs.jhu.edu/~yarowsky/irwa-2024-02-06.mp4', 'EMAIL', 'ak@E.0')
DEBUG:extracted:('https://www.cs.jhu.edu/~yarowsky/irwa-2024-02-06.mp4', 'EMAIL', 'ȖTө@ŧb.i')
DEBUG:extracted:('https://www.cs.jhu.edu/~yarowsky/irwa-2024-02-06.mp4', 'EMAIL', 'A@B6S.A')
DEBUG:extracted:('https://www.cs.jhu.edu/~yarowsky/irwa-2024-02-06.mp4', 'EMAIL', 'BjH@Υ.FvcZN')
DEBUG:extracted:('https://www.cs.jhu.edu/~yarowsky/irwa-2024-02-06.mp4', 'EMAIL', 'V@Y.hUTh')
DEBUG:extracted:('https://www.cs.jhu.edu/~yarowsky/irwa-2024-02-06.mp4', 'EMAIL', 'lV@qY.tȦ')
DEBUG:extracted:('https://www.cs.jhu.edu/~yarowsky/irwa-2024-02-06.mp4', 'EMAIL', 'B3@ޗTs.J')
DEBUG:extracted:('https://www.cs.jhu.edu/~yarowsky/irwa-2024-02-06.mp4', 'EMAIL', 'XzX@ʞ.5l')
DEBUG:extracted:('https://www.cs.jhu.edu/~yarowsky/irwa-2024-02-06.mp4', 'EMAIL', 'tP@fi.e')
DEBUG:extracted:('https://www.cs.jhu.edu/~yarowsky/irwa-2024-02-06.mp4', 'EMAIL', 'B.@O.Zs')
DEBUG:extracted:('https://www.cs.jhu.edu/~yarowsky/irwa-2024-02-06.mp4', 'EMAIL', 'Hh.y@ȉ.hNƸ')
DEBUG:extracted:('https://www.cs.jhu.edu/~yarowsky/irwa-2024-02-06.mp4', 'EMAIL', 'M@La.ˡg')
DEBUG:extracted:('https://www.cs.jhu.edu/~yarowsky/irwa-2024-02-06.mp4', 'EMAIL', 'f@7M.UZ')
DEBUG:extracted:('https://www.cs.jhu.edu/~yarowsky/irwa-2024-02-06.mp4', 'EMAIL', 'K@M.MhF')
DEBUG:extracted:('https://www.cs.jhu.edu/~yarowsky/irwa-2024-02-06.mp4', 'EMAIL', 'y@9o.gβ')
DEBUG:extracted:('https://www.cs.jhu.edu/~yarowsky/irwa-2024-02-06.mp4', 'EMAIL', '-ԴUz@k.5')
DEBUG:extracted:('https://www.cs.jhu.edu/~yarowsky/irwa-2024-02-06.mp4', 'EMAIL', 'yphUz@e.T')
DEBUG:extracted:('https://www.cs.jhu.edu/~yarowsky/irwa-2024-02-06.mp4', 'EMAIL', '4Kj@v.DsRºk')
DEBUG:extracted:('https://www.cs.jhu.edu/~yarowsky/irwa-2024-02-06.mp4', 'EMAIL', 'eF@u.dmsP5')
DEBUG:extracted:('https://www.cs.jhu.edu/~yarowsky/irwa-2024-02-06.mp4', 'EMAIL', '9m@1.1A')
DEBUG:extracted:('https://www.cs.jhu.edu/~yarowsky/irwa-2024-02-06.mp4', 'EMAIL', 'r@XCTGDݬ.I')
DEBUG:extracted:('https://www.cs.jhu.edu/~yarowsky/irwa-2024-02-06.mp4', 'EMAIL', 'D@8Y.Hyv')
DEBUG:extracted:('https://www.cs.jhu.edu/~yarowsky/irwa-2024-02-06.mp4', 'EMAIL', 'VI@3.sy')
DEBUG:extracted:('https://www.cs.jhu.edu/~yarowsky/irwa-2024-02-06.mp4', 'EMAIL', '5@3MXU.C')
DEBUG:extracted:('https://www.cs.jhu.edu/~yarowsky/irwa-2024-02-06.mp4', 'EMAIL', 'O7M@74.5')
DEBUG:extracted:('https://www.cs.jhu.edu/~yarowsky/irwa-2024-02-06.mp4', 'EMAIL', 'LB.@W.mh')
DEBUG:extracted:('https://www.cs.jhu.edu/~yarowsky/irwa-2024-02-06.mp4', 'EMAIL', '8E8@hXgP.ߒ')
DEBUG:extracted:('https://www.cs.jhu.edu/~yarowsky/irwa-2024-02-06.mp4', 'EMAIL', 'p@e.I')
DEBUG:extracted:('https://www.cs.jhu.edu/~yarowsky/irwa-2024-02-06.mp4', 'EMAIL', '읠woXmB@к.ĴtMEc')
DEBUG:extracted:('https://www.cs.jhu.edu/~yarowsky/irwa-2024-02-06.mp4', 'EMAIL', '0@r.t4C')
DEBUG:extracted:('https://www.cs.jhu.edu/~yarowsky/irwa-2024-02-06.mp4', 'EMAIL', 'ry6C@f.óYqu')
DEBUG:extracted:('https://www.cs.jhu.edu/~yarowsky/irwa-2024-02-06.mp4', 'EMAIL', 'J@Y.c')
DEBUG:extracted:('https://www.cs.jhu.edu/~yarowsky/irwa-2024-02-06.mp4', 'EMAIL', '5@3MXU.C')
DEBUG:extracted:('https://www.cs.jhu.edu/~yarowsky/irwa-2024-02-06.mp4', 'EMAIL', 'B@n.D')
DEBUG:extracted:('https://www.cs.jhu.edu/~yarowsky/irwa-2024-02-06.mp4', 'EMAIL', 'S@..8ʘEeXڵ9')
DEBUG:extracted:('https://www.cs.jhu.edu/~yarowsky/irwa-2024-02-06.mp4', 'EMAIL', 'c@ƸU.s5L')
DEBUG:extracted:('https://www.cs.jhu.edu/~yarowsky/irwa-2024-02-06.mp4', 'EMAIL', 'ҍX@Y-h.lں')
DEBUG:extracted:('https://www.cs.jhu.edu/~yarowsky/irwa-2024-02-06.mp4', 'EMAIL', '6s@KIUjQ.f0')
DEBUG:extracted:('https://www.cs.jhu.edu/~yarowsky/irwa-2024-02-06.mp4', 'EMAIL', 'ŗ@тPC.58G5P')
DEBUG:extracted:('https://www.cs.jhu.edu/~yarowsky/irwa-2024-02-06.mp4', 'EMAIL', 'q@N.k')
DEBUG:extracted:('https://www.cs.jhu.edu/~yarowsky/irwa-2024-02-06.mp4', 'EMAIL', 'K@4Rms.j')
DEBUG:extracted:('https://www.cs.jhu.edu/~yarowsky/irwa-2024-02-06.mp4', 'EMAIL', 'VI@3.sy')
DEBUG:extracted:('https://www.cs.jhu.edu/~yarowsky/irwa-2024-02-06.mp4', 'EMAIL', 'OL@ynj._')
DEBUG:extracted:('https://www.cs.jhu.edu/~yarowsky/irwa-2024-02-06.mp4', 'EMAIL', 'E@7.6')
DEBUG:extracted:('https://www.cs.jhu.edu/~yarowsky/irwa-2024-02-06.mp4', 'EMAIL', '8p@v.Zj')
DEBUG:extracted:('https://www.cs.jhu.edu/~yarowsky/irwa-2024-02-06.mp4', 'EMAIL', 'o3q@Д.h')
DEBUG:extracted:('https://www.cs.jhu.edu/~yarowsky/irwa-2024-02-06.mp4', 'EMAIL', 'M@M.XV')
DEBUG:extracted:('https://www.cs.jhu.edu/~yarowsky/irwa-2024-02-06.mp4', 'EMAIL', 'B@Y8ZBXE.4')
DEBUG:extracted:('https://www.cs.jhu.edu/~yarowsky/irwa-2024-02-06.mp4', 'EMAIL', 'H@X.P7')
DEBUG:extracted:('https://www.cs.jhu.edu/~yarowsky/irwa-2024-02-06.mp4', 'EMAIL', 'Wf6@k.Llu3')
DEBUG:extracted:('https://www.cs.jhu.edu/~yarowsky/irwa-2024-02-06.mp4', 'EMAIL', '0@ΣjU.4')
DEBUG:extracted:('https://www.cs.jhu.edu/~yarowsky/irwa-2024-02-06.mp4', 'EMAIL', 'Ҁ8@еV.JZ9')
DEBUG:extracted:('https://www.cs.jhu.edu/~yarowsky/irwa-2024-02-06.mp4', 'EMAIL', 'aA@WN.ªZB')
DEBUG:extracted:('https://www.cs.jhu.edu/~yarowsky/irwa-2024-02-06.mp4', 'EMAIL', 'To@zm._Wfٯyʐ')
DEBUG:extracted:('https://www.cs.jhu.edu/~yarowsky/irwa-2024-02-06.mp4', 'EMAIL', 'Ac@B7.hj')
DEBUG:extracted:('https://www.cs.jhu.edu/~yarowsky/irwa-2024-02-06.mp4', 'EMAIL', 'Ҥ@-.vI7')
DEBUG:extracted:('https://www.cs.jhu.edu/~yarowsky/irwa-2024-02-06.mp4', 'EMAIL', 'WQ@gaO.dcIѫ')
DEBUG:extracted:('https://www.cs.jhu.edu/~yarowsky/irwa-2024-02-06.mp4', 'EMAIL', 'g0ɛ@Qf.3')
DEBUG:extracted:('https://www.cs.jhu.edu/~yarowsky/irwa-2024-02-06.mp4', 'EMAIL', 'sw@s.8')
DEBUG:extracted:('https://www.cs.jhu.edu/~yarowsky/irwa-2024-02-06.mp4', 'EMAIL', '-.@K.1W')
DEBUG:extracted:('https://www.cs.jhu.edu/~yarowsky/irwa-2024-02-06.mp4', 'EMAIL', 'xc.ݙ@Uʱ.Dw')
DEBUG:extracted:('https://www.cs.jhu.edu/~yarowsky/irwa-2024-02-06.mp4', 'EMAIL', 'jDEJ@lt.a')
DEBUG:extracted:('https://www.cs.jhu.edu/~yarowsky/irwa-2024-02-06.mp4', 'EMAIL', 'M@EW.9')
DEBUG:extracted:('https://www.cs.jhu.edu/~yarowsky/irwa-2024-02-06.mp4', 'EMAIL', 'V@Ue.1OH')
DEBUG:extracted:('https://www.cs.jhu.edu/~yarowsky/irwa-2024-02-06.mp4', 'EMAIL', '_@4tAs.u')
DEBUG:extracted:('https://www.cs.jhu.edu/~yarowsky/irwa-2024-02-06.mp4', 'EMAIL', 'ݽ@οvsTR.wM')
DEBUG:extracted:('https://www.cs.jhu.edu/~yarowsky/irwa-2024-02-06.mp4', 'EMAIL', 'h@5.J')
DEBUG:extracted:('https://www.cs.jhu.edu/~yarowsky/irwa-2024-02-06.mp4', 'EMAIL', 's2RMvkFL@XR.ȭZ')
DEBUG:extracted:('https://www.cs.jhu.edu/~yarowsky/irwa-2024-02-06.mp4', 'EMAIL', 'F@y.ҫ')
DEBUG:extracted:('https://www.cs.jhu.edu/~yarowsky/irwa-2024-02-06.mp4', 'EMAIL', '4QGFf@l.V9Z')
DEBUG:extracted:('https://www.cs.jhu.edu/~yarowsky/irwa-2024-02-06.mp4', 'EMAIL', '8kyz@Z6dmf.m')
DEBUG:extracted:('https://www.cs.jhu.edu/~yarowsky/irwa-2024-02-06.mp4', 'EMAIL', 'k@X.4')
DEBUG:extracted:('https://www.cs.jhu.edu/~yarowsky/irwa-2024-02-06.mp4', 'EMAIL', '3m_6@_.2W')
DEBUG:extracted:('https://www.cs.jhu.edu/~yarowsky/irwa-2024-02-06.mp4', 'EMAIL', 'r.d@NX.H')
DEBUG:extracted:('https://www.cs.jhu.edu/~yarowsky/irwa-2024-02-06.mp4', 'EMAIL', 'V@C.3g')
DEBUG:extracted:('https://www.cs.jhu.edu/~yarowsky/irwa-2024-02-06.mp4', 'EMAIL', 'bA@7浬Ht.7xթGM')
DEBUG:extracted:('https://www.cs.jhu.edu/~yarowsky/irwa-2024-02-06.mp4', 'EMAIL', 'ݫ@Qj.UIN')
DEBUG:extracted:('https://www.cs.jhu.edu/~yarowsky/irwa-2024-02-06.mp4', 'EMAIL', 'Z@5.J')
DEBUG:extracted:('https://www.cs.jhu.edu/~yarowsky/irwa-2024-02-06.mp4', 'EMAIL', 'Ԇj@3.J')
DEBUG:extracted:('https://www.cs.jhu.edu/~yarowsky/irwa-2024-02-06.mp4', 'EMAIL', '3Jo@E.v')
DEBUG:extracted:('https://www.cs.jhu.edu/~yarowsky/irwa-2024-02-06.mp4', 'EMAIL', 'X@aDRiP.H')
DEBUG:extracted:('https://www.cs.jhu.edu/~yarowsky/irwa-2024-02-06.mp4', 'EMAIL', 'Vh@x.u')
DEBUG:extracted:('https://www.cs.jhu.edu/~yarowsky/irwa-2024-02-06.mp4', 'EMAIL', 'g@Wq.ugZum')
DEBUG:extracted:('https://www.cs.jhu.edu/~yarowsky/irwa-2024-02-06.mp4', 'EMAIL', 'Q6@lc.kg')
DEBUG:extracted:('https://www.cs.jhu.edu/~yarowsky/irwa-2024-02-06.mp4', 'EMAIL', '3@k.n')
DEBUG:extracted:('https://www.cs.jhu.edu/~yarowsky/irwa-2024-02-06.mp4', 'EMAIL', 'APФ@왗.bq')
DEBUG:extracted:('https://www.cs.jhu.edu/~yarowsky/irwa-2024-02-06.mp4', 'EMAIL', 'Ĩn@t.e')
DEBUG:extracted:('https://www.cs.jhu.edu/~yarowsky/irwa-2024-02-06.mp4', 'EMAIL', 'du@2.9')
DEBUG:extracted:('https://www.cs.jhu.edu/~yarowsky/irwa-2024-02-06.mp4', 'EMAIL', 'pۼ@S.T')
DEBUG:extracted:('https://www.cs.jhu.edu/~yarowsky/irwa-2024-02-06.mp4', 'EMAIL', 'k.W2Ml@eptl.b')
DEBUG:extracted:('https://www.cs.jhu.edu/~yarowsky/irwa-2024-02-06.mp4', 'EMAIL', 'wIµ@I-.v')
DEBUG:extracted:('https://www.cs.jhu.edu/~yarowsky/irwa-2024-02-06.mp4', 'EMAIL', 's@G.ۇ')
DEBUG:extracted:('https://www.cs.jhu.edu/~yarowsky/irwa-2024-02-06.mp4', 'EMAIL', 'o@QCY.9')
DEBUG:extracted:('https://www.cs.jhu.edu/~yarowsky/irwa-2024-02-06.mp4', 'EMAIL', 'Q4.J1F@cgyȺm.1U')
DEBUG:extracted:('https://www.cs.jhu.edu/~yarowsky/irwa-2024-02-06.mp4', 'EMAIL', 'c@L-TN.0')
DEBUG:extracted:('https://www.cs.jhu.edu/~yarowsky/irwa-2024-02-06.mp4', 'EMAIL', 'ڋ@3Bd.q')
DEBUG:extracted:('https://www.cs.jhu.edu/~yarowsky/irwa-2024-02-06.mp4', 'EMAIL', 'fd@Q.ϸo')
DEBUG:extracted:('https://www.cs.jhu.edu/~yarowsky/irwa-2024-02-06.mp4', 'EMAIL', '_9V5V@8.jVJfd')
DEBUG:extracted:('https://www.cs.jhu.edu/~yarowsky/irwa-2024-02-06.mp4', 'EMAIL', '9@R.n')
DEBUG:extracted:('https://www.cs.jhu.edu/~yarowsky/irwa-2024-02-06.mp4', 'EMAIL', 'ʳ@ʒ.h')
DEBUG:extracted:('https://www.cs.jhu.edu/~yarowsky/irwa-2024-02-06.mp4', 'EMAIL', 'vLg@3T.E')
DEBUG:extracted:('https://www.cs.jhu.edu/~yarowsky/irwa-2024-02-06.mp4', 'EMAIL', 's@m5.nVK')
DEBUG:extracted:('https://www.cs.jhu.edu/~yarowsky/irwa-2024-02-06.mp4', 'EMAIL', 'p@4ހDU.Ğt')
DEBUG:extracted:('https://www.cs.jhu.edu/~yarowsky/irwa-2024-02-06.mp4', 'EMAIL', 'O@N4wWUj.2')
DEBUG:extracted:('https://www.cs.jhu.edu/~yarowsky/irwa-2024-02-06.mp4', 'EMAIL', 'W@L.Ѩ')
DEBUG:extracted:('https://www.cs.jhu.edu/~yarowsky/irwa-2024-02-06.mp4', 'EMAIL', 'S@p.Һ')
DEBUG:extracted:('https://www.cs.jhu.edu/~yarowsky/irwa-2024-02-06.mp4', 'EMAIL', 'fNa@Mw.N')
DEBUG:extracted:('https://www.cs.jhu.edu/~yarowsky/irwa-2024-02-06.mp4', 'EMAIL', 'Ȃ@US9.ʗQ')
DEBUG:extracted:('https://www.cs.jhu.edu/~yarowsky/irwa-2024-02-06.mp4', 'EMAIL', 'Qr@F.ovVCD')
DEBUG:extracted:('https://www.cs.jhu.edu/~yarowsky/irwa-2024-02-06.mp4', 'EMAIL', 'FŐuO@B.j')
DEBUG:extracted:('https://www.cs.jhu.edu/~yarowsky/irwa-2024-02-06.mp4', 'EMAIL', 'Ƨ@Ke.owq')
DEBUG:extracted:('https://www.cs.jhu.edu/~yarowsky/irwa-2024-02-06.mp4', 'EMAIL', 'DoW@Z.I2')
DEBUG:extracted:('https://www.cs.jhu.edu/~yarowsky/irwa-2024-02-06.mp4', 'EMAIL', 'B@8PÂӶR.9')
DEBUG:extracted:('https://www.cs.jhu.edu/~yarowsky/irwa-2024-02-06.mp4', 'EMAIL', 'Fl@D.lOV.a')
DEBUG:extracted:('https://www.cs.jhu.edu/~yarowsky/irwa-2024-02-06.mp4', 'EMAIL', 'DoW@Z.I2')
DEBUG:extracted:('https://www.cs.jhu.edu/~yarowsky/irwa-2024-02-06.mp4', 'EMAIL', '4@D.J')
DEBUG:extracted:('https://www.cs.jhu.edu/~yarowsky/irwa-2024-02-06.mp4', 'EMAIL', 'GD@紅.6e')
DEBUG:extracted:('https://www.cs.jhu.edu/~yarowsky/irwa-2024-02-06.mp4', 'EMAIL', 'A1@jκ.ywJ')
DEBUG:extracted:('https://www.cs.jhu.edu/~yarowsky/irwa-2024-02-06.mp4', 'EMAIL', 'gFib@b.Z')
DEBUG:extracted:('https://www.cs.jhu.edu/~yarowsky/irwa-2024-02-06.mp4', 'EMAIL', 'DoW@Z.I2')
DEBUG:extracted:('https://www.cs.jhu.edu/~yarowsky/irwa-2024-02-06.mp4', 'EMAIL', 'YΩ@-.a')
DEBUG:extracted:('https://www.cs.jhu.edu/~yarowsky/irwa-2024-02-06.mp4', 'EMAIL', 'O5@n.lZuлb')
DEBUG:extracted:('https://www.cs.jhu.edu/~yarowsky/irwa-2024-02-06.mp4', 'EMAIL', 'CqC@i.ڪ')
DEBUG:extracted:('https://www.cs.jhu.edu/~yarowsky/irwa-2024-02-06.mp4', 'EMAIL', 'v@4j.y')
DEBUG:extracted:('https://www.cs.jhu.edu/~yarowsky/irwa-2024-02-06.mp4', 'EMAIL', 'mgc77h@zoGR.ȭ4Tv2')
DEBUG:extracted:('https://www.cs.jhu.edu/~yarowsky/irwa-2024-02-06.mp4', 'EMAIL', 'OaH@Ex.z')
DEBUG:extracted:('https://www.cs.jhu.edu/~yarowsky/irwa-2024-02-06.mp4', 'EMAIL', 'DoW@Z.I2')
DEBUG:extracted:('https://www.cs.jhu.edu/~yarowsky/irwa-2024-02-06.mp4', 'EMAIL', 'F@VOŲH.fp6')
DEBUG:extracted:('https://www.cs.jhu.edu/~yarowsky/irwa-2024-02-06.mp4', 'EMAIL', '2ݯI@1.v')
DEBUG:extracted:('https://www.cs.jhu.edu/~yarowsky/irwa-2024-02-06.mp4', 'EMAIL', 'Sl@5v.u')
DEBUG:extracted:('https://www.cs.jhu.edu/~yarowsky/irwa-2024-02-06.mp4', 'EMAIL', 'B@B.l')
DEBUG:extracted:('https://www.cs.jhu.edu/~yarowsky/irwa-2024-02-06.mp4', 'EMAIL', '9b@Ny.rUUDFÈ')
DEBUG:extracted:('https://www.cs.jhu.edu/~yarowsky/irwa-2024-02-06.mp4', 'EMAIL', 'iDg@w.sEMqcP')
DEBUG:extracted:('https://www.cs.jhu.edu/~yarowsky/irwa-2024-02-06.mp4', 'EMAIL', 'b@0h.q')
DEBUG:extracted:('https://www.cs.jhu.edu/~yarowsky/irwa-2024-02-06.mp4', 'EMAIL', '5@4.Ĩ')
DEBUG:extracted:('https://www.cs.jhu.edu/~yarowsky/irwa-2024-02-06.mp4', 'EMAIL', 'ĆsY@X.8')
DEBUG:extracted:('https://www.cs.jhu.edu/~yarowsky/irwa-2024-02-06.mp4', 'EMAIL', '0H@-.R')
DEBUG:extracted:('https://www.cs.jhu.edu/~yarowsky/irwa-2024-02-06.mp4', 'EMAIL', 'D2@W.LwUx')
DEBUG:extracted:('https://www.cs.jhu.edu/~yarowsky/irwa-2024-02-06.mp4', 'EMAIL', 'f1@sVNY.v')
DEBUG:extracted:('https://www.cs.jhu.edu/~yarowsky/irwa-2024-02-06.mp4', 'EMAIL', 'Te@h.1J')
DEBUG:extracted:('https://www.cs.jhu.edu/~yarowsky/irwa-2024-02-06.mp4', 'EMAIL', '4@n.8cC')
DEBUG:extracted:('https://www.cs.jhu.edu/~yarowsky/irwa-2024-02-06.mp4', 'EMAIL', '.mQ@챎.jES')
DEBUG:extracted:('https://www.cs.jhu.edu/~yarowsky/irwa-2024-02-06.mp4', 'EMAIL', 'jw@D3.k')
DEBUG:extracted:('https://www.cs.jhu.edu/~yarowsky/irwa-2024-02-06.mp4', 'EMAIL', 'k@AŗP.g')
DEBUG:extracted:('https://www.cs.jhu.edu/~yarowsky/irwa-2024-02-06.mp4', 'EMAIL', 'n@g.D')
DEBUG:extracted:('https://www.cs.jhu.edu/~yarowsky/irwa-2024-02-06.mp4', 'EMAIL', 'P6@ƉzO.3Ʉ')
DEBUG:extracted:('https://www.cs.jhu.edu/~yarowsky/irwa-2024-02-06.mp4', 'EMAIL', 'E@J.3xƃ')
DEBUG:extracted:('https://www.cs.jhu.edu/~yarowsky/irwa-2024-02-06.mp4', 'EMAIL', 'G@j6_.Dny')
DEBUG:extracted:('https://www.cs.jhu.edu/~yarowsky/irwa-2024-02-06.mp4', 'EMAIL', 'F5@0.Av')
DEBUG:extracted:('https://www.cs.jhu.edu/~yarowsky/irwa-2024-02-06.mp4', 'EMAIL', '89@owT.9')
DEBUG:extracted:('https://www.cs.jhu.edu/~yarowsky/irwa-2024-02-06.mp4', 'EMAIL', 'ݵɲ۵@1.I')
DEBUG:extracted:('https://www.cs.jhu.edu/~yarowsky/irwa-2024-02-06.mp4', 'EMAIL', 'Bc@W.JTP')
DEBUG:extracted:('https://www.cs.jhu.edu/~yarowsky/irwa-2024-02-06.mp4', 'EMAIL', '5@Gڣ.J')
DEBUG:extracted:('https://www.cs.jhu.edu/~yarowsky/irwa-2024-02-06.mp4', 'EMAIL', 'v@r.5')
DEBUG:extracted:('https://www.cs.jhu.edu/~yarowsky/irwa-2024-02-06.mp4', 'EMAIL', 'F0w@ߦ.t')
DEBUG:extracted:('https://www.cs.jhu.edu/~yarowsky/irwa-2024-02-06.mp4', 'EMAIL', 'f@tM.ɳ鉫')
DEBUG:extracted:('https://www.cs.jhu.edu/~yarowsky/irwa-2024-02-06.mp4', 'EMAIL', 'i@9eݣ.6I')
DEBUG:extracted:('https://www.cs.jhu.edu/~yarowsky/irwa-2024-02-06.mp4', 'EMAIL', '.Z@OM.7')
DEBUG:extracted:('https://www.cs.jhu.edu/~yarowsky/irwa-2024-02-06.mp4', 'EMAIL', '.YRbZq@O.nj')
DEBUG:extracted:('https://www.cs.jhu.edu/~yarowsky/irwa-2024-02-06.mp4', 'EMAIL', '.@so.5')
DEBUG:extracted:('https://www.cs.jhu.edu/~yarowsky/irwa-2024-02-06.mp4', 'EMAIL', '_-7k@2.a')
DEBUG:extracted:('https://www.cs.jhu.edu/~yarowsky/irwa-2024-02-06.mp4', 'EMAIL', 'Nkj@JQal.pOu')
DEBUG:extracted:('https://www.cs.jhu.edu/~yarowsky/irwa-2024-02-06.mp4', 'EMAIL', 'e@Jw.Ut')
DEBUG:extracted:('https://www.cs.jhu.edu/~yarowsky/irwa-2024-02-06.mp4', 'EMAIL', 'o@5p.z')
DEBUG:extracted:('https://www.cs.jhu.edu/~yarowsky/irwa-2024-02-06.mp4', 'EMAIL', 'q-E0@jNfN.A')
DEBUG:extracted:('https://www.cs.jhu.edu/~yarowsky/irwa-2024-02-06.mp4', 'EMAIL', 'Me5@JJ.VVZMHt')
DEBUG:extracted:('https://www.cs.jhu.edu/~yarowsky/irwa-2024-02-06.mp4', 'EMAIL', 'E@9h.YkUvtFxQH')
DEBUG:extracted:('https://www.cs.jhu.edu/~yarowsky/irwa-2024-02-06.mp4', 'EMAIL', 'Uz@H8e2ڰ.Kb')
DEBUG:extracted:('https://www.cs.jhu.edu/~yarowsky/irwa-2024-02-06.mp4', 'EMAIL', 'mLb@XW5w.nk')
DEBUG:extracted:('https://www.cs.jhu.edu/~yarowsky/irwa-2024-02-06.mp4', 'EMAIL', '0Oj@gM4XyE.u')
DEBUG:extracted:('https://www.cs.jhu.edu/~yarowsky/irwa-2024-02-06.mp4', 'EMAIL', 'h@cQxUD.T9')
DEBUG:extracted:('https://www.cs.jhu.edu/~yarowsky/irwa-2024-02-06.mp4', 'EMAIL', 'lϺB@ȑ7Ck.eԴvn')
DEBUG:extracted:('https://www.cs.jhu.edu/~yarowsky/irwa-2024-02-06.mp4', 'EMAIL', 'i1@T.n')
DEBUG:extracted:('https://www.cs.jhu.edu/~yarowsky/irwa-2024-02-06.mp4', 'EMAIL', 'Ce@L.e')
DEBUG:extracted:('https://www.cs.jhu.edu/~yarowsky/irwa-2024-02-06.mp4', 'EMAIL', '8@V1.3a')
DEBUG:extracted:('https://www.cs.jhu.edu/~yarowsky/irwa-2024-02-06.mp4', 'EMAIL', 'sFs@1.8f')
DEBUG:extracted:('https://www.cs.jhu.edu/~yarowsky/irwa-2024-02-06.mp4', 'EMAIL', 'qlg@BU.r')
DEBUG:extracted:('https://www.cs.jhu.edu/~yarowsky/irwa-2024-02-06.mp4', 'EMAIL', 'fTAv@1.u')
DEBUG:extracted:('https://www.cs.jhu.edu/~yarowsky/irwa-2024-02-06.mp4', 'EMAIL', 'δ@sv5_z.6')
DEBUG:extracted:('https://www.cs.jhu.edu/~yarowsky/irwa-2024-02-06.mp4', 'EMAIL', 'Ԁ@bƍ1.3')
DEBUG:extracted:('https://www.cs.jhu.edu/~yarowsky/irwa-2024-02-06.mp4', 'EMAIL', 'U@ŏ.ti')
DEBUG:extracted:('https://www.cs.jhu.edu/~yarowsky/irwa-2024-02-06.mp4', 'EMAIL', '7@X.9e')
DEBUG:extracted:('https://www.cs.jhu.edu/~yarowsky/irwa-2024-02-06.mp4', 'EMAIL', 'eh@7.Y')
DEBUG:extracted:('https://www.cs.jhu.edu/~yarowsky/irwa-2024-02-06.mp4', 'EMAIL', 'M@D.rT')
DEBUG:extracted:('https://www.cs.jhu.edu/~yarowsky/irwa-2024-02-06.mp4', 'EMAIL', 'nw@y.gD')
DEBUG:extracted:('https://www.cs.jhu.edu/~yarowsky/irwa-2024-02-06.mp4', 'EMAIL', 'S@c.Q')
DEBUG:extracted:('https://www.cs.jhu.edu/~yarowsky/irwa-2024-02-06.mp4', 'EMAIL', 'd@O.fsdI4')
DEBUG:extracted:('https://www.cs.jhu.edu/~yarowsky/irwa-2024-02-06.mp4', 'EMAIL', 'w@aukzb.q_XeuP')
DEBUG:extracted:('https://www.cs.jhu.edu/~yarowsky/irwa-2024-02-06.mp4', 'EMAIL', 'R@bGZy.1')
DEBUG:extracted:('https://www.cs.jhu.edu/~yarowsky/irwa-2024-02-06.mp4', 'EMAIL', 'B@_.fvG')
DEBUG:extracted:('https://www.cs.jhu.edu/~yarowsky/irwa-2024-02-06.mp4', 'EMAIL', 'U@5.fy')
DEBUG:extracted:('https://www.cs.jhu.edu/~yarowsky/irwa-2024-02-06.mp4', 'EMAIL', 'X@ZTE.67qȸy.jCo')
DEBUG:extracted:('https://www.cs.jhu.edu/~yarowsky/irwa-2024-02-06.mp4', 'EMAIL', 'yO@Kv.q')
DEBUG:extracted:('https://www.cs.jhu.edu/~yarowsky/irwa-2024-02-06.mp4', 'EMAIL', 'C@j.yB')
DEBUG:extracted:('https://www.cs.jhu.edu/~yarowsky/irwa-2024-02-06.mp4', 'EMAIL', 'f@0n.a')
DEBUG:extracted:('https://www.cs.jhu.edu/~yarowsky/irwa-2024-02-06.mp4', 'EMAIL', 'x@хu.UB')
DEBUG:extracted:('https://www.cs.jhu.edu/~yarowsky/irwa-2024-02-06.mp4', 'EMAIL', 'A@5.O')
DEBUG:extracted:('https://www.cs.jhu.edu/~yarowsky/irwa-2024-02-06.mp4', 'EMAIL', 'k߂SZ@D.1r')
DEBUG:extracted:('https://www.cs.jhu.edu/~yarowsky/irwa-2024-02-06.mp4', 'EMAIL', '2C@yirT.x')
DEBUG:extracted:('https://www.cs.jhu.edu/~yarowsky/irwa-2024-02-06.mp4', 'EMAIL', 'g@8K.kNu')
DEBUG:extracted:('https://www.cs.jhu.edu/~yarowsky/irwa-2024-02-06.mp4', 'EMAIL', 'شnG@Mq.阿')
DEBUG:extracted:('https://www.cs.jhu.edu/~yarowsky/irwa-2024-02-06.mp4', 'EMAIL', 'E3Z_@NDhc.iڃ')
DEBUG:extracted:('https://www.cs.jhu.edu/~yarowsky/irwa-2024-02-06.mp4', 'EMAIL', 'k߂SZ@D.1r')
DEBUG:extracted:('https://www.cs.jhu.edu/~yarowsky/irwa-2024-02-06.mp4', 'EMAIL', 'm@L珑y._')
DEBUG:extracted:('https://www.cs.jhu.edu/~yarowsky/irwa-2024-02-06.mp4', 'EMAIL', 'ӏUmrk@do.Sbt')
DEBUG:extracted:('https://www.cs.jhu.edu/~yarowsky/irwa-2024-02-06.mp4', 'EMAIL', 'p@玡4.R')
DEBUG:extracted:('https://www.cs.jhu.edu/~yarowsky/irwa-2024-02-06.mp4', 'EMAIL', 'N6K@yQGG.BW')
DEBUG:extracted:('https://www.cs.jhu.edu/~yarowsky/irwa-2024-02-06.mp4', 'EMAIL', 'BTRR@wA2.Us')
DEBUG:extracted:('https://www.cs.jhu.edu/~yarowsky/irwa-2024-02-06.mp4', 'EMAIL', 'k߂SZ@D.1r')
DEBUG:extracted:('https://www.cs.jhu.edu/~yarowsky/irwa-2024-02-06.mp4', 'EMAIL', '4@D.J')
DEBUG:extracted:('https://www.cs.jhu.edu/~yarowsky/irwa-2024-02-06.mp4', 'EMAIL', 'A1@qygiLT.gw4AƢe')
DEBUG:extracted:('https://www.cs.jhu.edu/~yarowsky/irwa-2024-02-06.mp4', 'EMAIL', 'RB咥Gp@U6-Fbs.ڛ')
DEBUG:extracted:('https://www.cs.jhu.edu/~yarowsky/irwa-2024-02-06.mp4', 'EMAIL', 'E@zn.5I')
DEBUG:extracted:('https://www.cs.jhu.edu/~yarowsky/irwa-2024-02-06.mp4', 'EMAIL', '2@l5.VgqYVF')
DEBUG:extracted:('https://www.cs.jhu.edu/~yarowsky/irwa-2024-02-06.mp4', 'EMAIL', 'Fy@B.ad')
DEBUG:extracted:('https://www.cs.jhu.edu/~yarowsky/irwa-2024-02-06.mp4', 'EMAIL', 'cWݗ_@_.EN')
DEBUG:extracted:('https://www.cs.jhu.edu/~yarowsky/irwa-2024-02-06.mp4', 'EMAIL', 'k߂SZ@D.1r')
DEBUG:extracted:('https://www.cs.jhu.edu/~yarowsky/irwa-2024-02-06.mp4', 'EMAIL', 't3q@O.s')
DEBUG:extracted:('https://www.cs.jhu.edu/~yarowsky/irwa-2024-02-06.mp4', 'EMAIL', 'AC@T-üR9zW.EIA')
DEBUG:extracted:('https://www.cs.jhu.edu/~yarowsky/irwa-2024-02-06.mp4', 'EMAIL', 'O@LZY.j7')
DEBUG:extracted:('https://www.cs.jhu.edu/~yarowsky/irwa-2024-02-06.mp4', 'EMAIL', '0@K.rl')
DEBUG:extracted:('https://www.cs.jhu.edu/~yarowsky/irwa-2024-02-06.mp4', 'EMAIL', 'b@yjUn.J')
DEBUG:extracted:('https://www.cs.jhu.edu/~yarowsky/irwa-2024-02-06.mp4', 'EMAIL', 'jh@f.y')
DEBUG:extracted:('https://www.cs.jhu.edu/~yarowsky/irwa-2024-02-06.mp4', 'EMAIL', 'p.@26ڻu.B')
DEBUG:extracted:('https://www.cs.jhu.edu/~yarowsky/irwa-2024-02-06.mp4', 'EMAIL', 'TAM@sPո.1')
DEBUG:extracted:('https://www.cs.jhu.edu/~yarowsky/irwa-2024-02-06.mp4', 'EMAIL', '8a@ĹZ.M')
DEBUG:extracted:('https://www.cs.jhu.edu/~yarowsky/irwa-2024-02-06.mp4', 'EMAIL', 'D@ZOXːi.M')
DEBUG:extracted:('https://www.cs.jhu.edu/~yarowsky/irwa-2024-02-06.mp4', 'EMAIL', 'ze@vW.LSghH')
DEBUG:extracted:('https://www.cs.jhu.edu/~yarowsky/irwa-2024-02-06.mp4', 'EMAIL', 'm@L珑y._')
DEBUG:extracted:('https://www.cs.jhu.edu/~yarowsky/irwa-2024-02-06.mp4', 'EMAIL', 'NDc@b7ㄎ.B')
DEBUG:extracted:('https://www.cs.jhu.edu/~yarowsky/irwa-2024-02-06.mp4', 'EMAIL', 'XuDk6ޏ@7g.e')
DEBUG:extracted:('https://www.cs.jhu.edu/~yarowsky/irwa-2024-02-06.mp4', 'EMAIL', '6@f.fH')
DEBUG:extracted:('https://www.cs.jhu.edu/~yarowsky/irwa-2024-02-06.mp4', 'EMAIL', 'EtƕoC@Ժy.u')
DEBUG:extracted:('https://www.cs.jhu.edu/~yarowsky/irwa-2024-02-06.mp4', 'EMAIL', 'yfb@45.c')
DEBUG:extracted:('https://www.cs.jhu.edu/~yarowsky/irwa-2024-02-06.mp4', 'EMAIL', 'b@we8.V')
DEBUG:extracted:('https://www.cs.jhu.edu/~yarowsky/irwa-2024-02-06.mp4', 'EMAIL', 'X@.Orr.7.BI')
DEBUG:extracted:('https://www.cs.jhu.edu/~yarowsky/irwa-2024-02-06.mp4', 'EMAIL', 'OE@N.M')
DEBUG:extracted:('https://www.cs.jhu.edu/~yarowsky/irwa-2024-02-06.mp4', 'EMAIL', 'Ց4@3.U_w3')
DEBUG:extracted:('https://www.cs.jhu.edu/~yarowsky/irwa-2024-02-06.mp4', 'EMAIL', 'k߂SZ@D.1r')
DEBUG:extracted:('https://www.cs.jhu.edu/~yarowsky/irwa-2024-02-06.mp4', 'EMAIL', 'Ng@o.ل')
DEBUG:extracted:('https://www.cs.jhu.edu/~yarowsky/irwa-2024-02-06.mp4', 'EMAIL', 'otMgttk2@FF.L3b_ԺT_')
DEBUG:extracted:('https://www.cs.jhu.edu/~yarowsky/irwa-2024-02-06.mp4', 'EMAIL', 'em@Nu.ϢT')
DEBUG:extracted:('https://www.cs.jhu.edu/~yarowsky/irwa-2024-02-06.mp4', 'EMAIL', 'l@V.n8')
DEBUG:extracted:('https://www.cs.jhu.edu/~yarowsky/irwa-2024-02-06.mp4', 'EMAIL', 'qU@Z.1')
DEBUG:extracted:('https://www.cs.jhu.edu/~yarowsky/irwa-2024-02-06.mp4', 'EMAIL', 'J@p.u')
DEBUG:extracted:('https://www.cs.jhu.edu/~yarowsky/irwa-2024-02-06.mp4', 'EMAIL', 'Pڭqd@umcolQV.Th')
DEBUG:extracted:('https://www.cs.jhu.edu/~yarowsky/irwa-2024-02-06.mp4', 'EMAIL', 'Nb@Gw.M')
DEBUG:extracted:('https://www.cs.jhu.edu/~yarowsky/irwa-2024-02-06.mp4', 'EMAIL', 'jp@wg.S')
DEBUG:extracted:('https://www.cs.jhu.edu/~yarowsky/irwa-2024-02-06.mp4', 'EMAIL', 'V@mߕ.9b')
DEBUG:extracted:('https://www.cs.jhu.edu/~yarowsky/irwa-2024-02-06.mp4', 'EMAIL', 'h㠬v@C.xR2St')
DEBUG:extracted:('https://www.cs.jhu.edu/~yarowsky/irwa-2024-02-06.mp4', 'EMAIL', 'Fi661@9K.w')
DEBUG:extracted:('https://www.cs.jhu.edu/~yarowsky/irwa-2024-02-06.mp4', 'EMAIL', 'iyPfr_г@1Qҗf.9')
DEBUG:extracted:('https://www.cs.jhu.edu/~yarowsky/irwa-2024-02-06.mp4', 'EMAIL', 'p@Y.Q')
DEBUG:extracted:('https://www.cs.jhu.edu/~yarowsky/irwa-2024-02-06.mp4', 'EMAIL', 'KMv@a.9')
DEBUG:extracted:('https://www.cs.jhu.edu/~yarowsky/irwa-2024-02-06.mp4', 'EMAIL', '.g1E@a.U')
DEBUG:extracted:('https://www.cs.jhu.edu/~yarowsky/irwa-2024-02-06.mp4', 'EMAIL', 'FDFnVbI@d.ǆӤ')
DEBUG:extracted:('https://www.cs.jhu.edu/~yarowsky/irwa-2024-02-06.mp4', 'EMAIL', 'a@կ._ehޤ')
DEBUG:extracted:('https://www.cs.jhu.edu/~yarowsky/irwa-2024-02-06.mp4', 'EMAIL', '5@S.t')
DEBUG:extracted:('https://www.cs.jhu.edu/~yarowsky/irwa-2024-02-06.mp4', 'EMAIL', '2@J.F6zKis')
DEBUG:extracted:('https://www.cs.jhu.edu/~yarowsky/irwa-2024-02-06.mp4', 'EMAIL', 'Ύ@c..莉vh7')
DEBUG:extracted:('https://www.cs.jhu.edu/~yarowsky/irwa-2024-02-06.mp4', 'EMAIL', '1K0JzܮWTJ@R.K2')
DEBUG:extracted:('https://www.cs.jhu.edu/~yarowsky/irwa-2024-02-06.mp4', 'EMAIL', 'tAO@HQ0.c5')
DEBUG:extracted:('https://www.cs.jhu.edu/~yarowsky/irwa-2024-02-06.mp4', 'EMAIL', 'k߂SZ@D.1r')
DEBUG:extracted:('https://www.cs.jhu.edu/~yarowsky/irwa-2024-02-06.mp4', 'EMAIL', 'qT@3CZR.L')
DEBUG:extracted:('https://www.cs.jhu.edu/~yarowsky/irwa-2024-02-06.mp4', 'EMAIL', 'FJ@aR.3y蛽a')
DEBUG:extracted:('https://www.cs.jhu.edu/~yarowsky/irwa-2024-02-06.mp4', 'EMAIL', 'R@xS.J')
DEBUG:extracted:('https://www.cs.jhu.edu/~yarowsky/irwa-2024-02-06.mp4', 'EMAIL', 'Iy@m.oVm')
DEBUG:extracted:('https://www.cs.jhu.edu/~yarowsky/irwa-2024-02-06.mp4', 'EMAIL', 'Q@Xl.j')
DEBUG:extracted:('https://www.cs.jhu.edu/~yarowsky/irwa-2024-02-06.mp4', 'EMAIL', 'G@xk2Wt.H.dr')
DEBUG:extracted:('https://www.cs.jhu.edu/~yarowsky/irwa-2024-02-06.mp4', 'EMAIL', 'IT@C.t')
DEBUG:extracted:('https://www.cs.jhu.edu/~yarowsky/irwa-2024-02-06.mp4', 'EMAIL', 'a4z@YO.qk')
DEBUG:extracted:('https://www.cs.jhu.edu/~yarowsky/irwa-2024-02-06.mp4', 'EMAIL', 'oҒ@x.OG')
DEBUG:extracted:('https://www.cs.jhu.edu/~yarowsky/irwa-2024-02-06.mp4', 'EMAIL', 'Q@9._')
DEBUG:extracted:('https://www.cs.jhu.edu/~yarowsky/irwa-2024-02-06.mp4', 'EMAIL', '.g1E@a.U')
DEBUG:extracted:('https://www.cs.jhu.edu/~yarowsky/irwa-2024-02-06.mp4', 'EMAIL', 'pct@_.fp')
DEBUG:extracted:('https://www.cs.jhu.edu/~yarowsky/irwa-2024-02-06.mp4', 'EMAIL', '.S@O.W')
DEBUG:extracted:('https://www.cs.jhu.edu/~yarowsky/irwa-2024-02-06.mp4', 'EMAIL', 'ҿXgR@7.ݮ')
DEBUG:extracted:('https://www.cs.jhu.edu/~yarowsky/irwa-2024-02-06.mp4', 'EMAIL', 'R@ǖ.K')
DEBUG:extracted:('https://www.cs.jhu.edu/~yarowsky/irwa-2024-02-06.mp4', 'EMAIL', 'Ԕ@ܖ.z5KA')
DEBUG:extracted:('https://www.cs.jhu.edu/~yarowsky/irwa-2024-02-06.mp4', 'EMAIL', 'z@2.k')
DEBUG:extracted:('https://www.cs.jhu.edu/~yarowsky/irwa-2024-02-06.mp4', 'EMAIL', '.g1E@a.U')
DEBUG:extracted:('https://www.cs.jhu.edu/~yarowsky/irwa-2024-02-06.mp4', 'EMAIL', 'M@x.by')
DEBUG:extracted:('https://www.cs.jhu.edu/~yarowsky/irwa-2024-02-06.mp4', 'EMAIL', 'Oa@T3H.pK')
DEBUG:extracted:('https://www.cs.jhu.edu/~yarowsky/irwa-2024-02-06.mp4', 'EMAIL', 'I@.ҒP.DZO')
DEBUG:extracted:('https://www.cs.jhu.edu/~yarowsky/irwa-2024-02-06.mp4', 'EMAIL', 'hL@յ.p')
DEBUG:extracted:('https://www.cs.jhu.edu/~yarowsky/irwa-2024-02-06.mp4', 'EMAIL', 'v0t@n.l9')
DEBUG:extracted:('https://www.cs.jhu.edu/~yarowsky/irwa-2024-02-06.mp4', 'EMAIL', 'x@ˈ1.jH')
DEBUG:extracted:('https://www.cs.jhu.edu/~yarowsky/irwa-2024-02-06.mp4', 'EMAIL', 'SG5@V.29d8I')
DEBUG:extracted:('https://www.cs.jhu.edu/~yarowsky/irwa-2024-02-06.mp4', 'EMAIL', 'z@2.k')
DEBUG:extracted:('https://www.cs.jhu.edu/~yarowsky/irwa-2024-02-06.mp4', 'EMAIL', 'k߂SZ@D.1r')
DEBUG:extracted:('https://www.cs.jhu.edu/~yarowsky/irwa-2024-02-06.mp4', 'EMAIL', 'ف@3sPI.D')
DEBUG:extracted:('https://www.cs.jhu.edu/~yarowsky/irwa-2024-02-06.mp4', 'EMAIL', 'i@.A.I')
DEBUG:extracted:('https://www.cs.jhu.edu/~yarowsky/irwa-2024-02-06.mp4', 'EMAIL', 'ҫ9@seq.ZbcEAs')
DEBUG:extracted:('https://www.cs.jhu.edu/~yarowsky/irwa-2024-02-06.mp4', 'EMAIL', 'אq@c.F')
DEBUG:extracted:('https://www.cs.jhu.edu/~yarowsky/irwa-2024-02-06.mp4', 'EMAIL', 'ԋm8@9.к')
DEBUG:extracted:('https://www.cs.jhu.edu/~yarowsky/irwa-2024-02-06.mp4', 'EMAIL', '-XȒB@O8.c')
DEBUG:extracted:('https://www.cs.jhu.edu/~yarowsky/irwa-2024-02-06.mp4', 'EMAIL', 'z@2.k')
DEBUG:extracted:('https://www.cs.jhu.edu/~yarowsky/irwa-2024-02-06.mp4', 'EMAIL', '.g1E@a.U')
DEBUG:extracted:('https://www.cs.jhu.edu/~yarowsky/irwa-2024-02-06.mp4', 'EMAIL', 'a@EO.L')
DEBUG:extracted:('https://www.cs.jhu.edu/~yarowsky/irwa-2024-02-06.mp4', 'EMAIL', 's@i.g')
DEBUG:extracted:('https://www.cs.jhu.edu/~yarowsky/irwa-2024-02-06.mp4', 'EMAIL', 'N@yu.u')
DEBUG:extracted:('https://www.cs.jhu.edu/~yarowsky/irwa-2024-02-06.mp4', 'EMAIL', 'z@2.k')
DEBUG:extracted:('https://www.cs.jhu.edu/~yarowsky/irwa-2024-02-06.mp4', 'EMAIL', 'k߂SZ@D.1r')
DEBUG:extracted:('https://www.cs.jhu.edu/~yarowsky/irwa-2024-02-06.mp4', 'EMAIL', 'ف@3sPI.D')
DEBUG:extracted:('https://www.cs.jhu.edu/~yarowsky/irwa-2024-02-06.mp4', 'EMAIL', 'w@D.兺2')
DEBUG:extracted:('https://www.cs.jhu.edu/~yarowsky/irwa-2024-02-06.mp4', 'EMAIL', 'Qɋ@qc.zu')
DEBUG:extracted:('https://www.cs.jhu.edu/~yarowsky/irwa-2024-02-06.mp4', 'EMAIL', '4Ω@R.9')
DEBUG:extracted:('https://www.cs.jhu.edu/~yarowsky/irwa-2024-02-06.mp4', 'EMAIL', 'fʐFW@7IsH.h0')
DEBUG:extracted:('https://www.cs.jhu.edu/~yarowsky/irwa-2024-02-06.mp4', 'EMAIL', 'W@ɡBEV-.P')
DEBUG:extracted:('https://www.cs.jhu.edu/~yarowsky/irwa-2024-02-06.mp4', 'EMAIL', 'ytkUP@B.CV')
DEBUG:extracted:('https://www.cs.jhu.edu/~yarowsky/irwa-2024-02-06.mp4', 'EMAIL', 'En@4.ŖN')
DEBUG:extracted:('https://www.cs.jhu.edu/~yarowsky/irwa-2024-02-06.mp4', 'EMAIL', 'yb6@ژ.K')
DEBUG:extracted:('https://www.cs.jhu.edu/~yarowsky/irwa-2024-02-06.mp4', 'EMAIL', 'OS@YPNsυzOՅ.V')
DEBUG:extracted:('https://www.cs.jhu.edu/~yarowsky/irwa-2024-02-06.mp4', 'EMAIL', 'D1@l.d2')
DEBUG:extracted:('https://www.cs.jhu.edu/~yarowsky/irwa-2024-02-06.mp4', 'EMAIL', 'Kxv7X@5.Kp')
DEBUG:extracted:('https://www.cs.jhu.edu/~yarowsky/irwa-2024-02-06.mp4', 'EMAIL', 'kPG@5.lzyKCX')
DEBUG:extracted:('https://www.cs.jhu.edu/~yarowsky/irwa-2024-02-06.mp4', 'EMAIL', '5@x3-F.襃Xc')
DEBUG:extracted:('https://www.cs.jhu.edu/~yarowsky/irwa-2024-02-06.mp4', 'EMAIL', '99jivz@2N.Ү')
DEBUG:extracted:('https://www.cs.jhu.edu/~yarowsky/irwa-2024-02-06.mp4', 'EMAIL', '.O0@p0.ӹTw34c')
DEBUG:extracted:('https://www.cs.jhu.edu/~yarowsky/irwa-2024-02-06.mp4', 'EMAIL', 'hI@r.S5')
DEBUG:extracted:('https://www.cs.jhu.edu/~yarowsky/irwa-2024-02-06.mp4', 'EMAIL', 'Q@h.p')
DEBUG:extracted:('https://www.cs.jhu.edu/~yarowsky/irwa-2024-02-06.mp4', 'EMAIL', 'C@k.O')
DEBUG:extracted:('https://www.cs.jhu.edu/~yarowsky/irwa-2024-02-06.mp4', 'EMAIL', 'N@I.2')
DEBUG:extracted:('https://www.cs.jhu.edu/~yarowsky/irwa-2024-02-06.mp4', 'EMAIL', 'VIlfR@a.w')
DEBUG:extracted:('https://www.cs.jhu.edu/~yarowsky/irwa-2024-02-06.mp4', 'EMAIL', 'nI@asc40L.s')
DEBUG:extracted:('https://www.cs.jhu.edu/~yarowsky/irwa-2024-02-06.mp4', 'EMAIL', '4@b.Ceaҡ')
DEBUG:extracted:('https://www.cs.jhu.edu/~yarowsky/irwa-2024-02-06.mp4', 'EMAIL', 'J@aZ.S5gڮV')
DEBUG:extracted:('https://www.cs.jhu.edu/~yarowsky/irwa-2024-02-06.mp4', 'EMAIL', 'Au轟8w@Y.m3')
DEBUG:extracted:('https://www.cs.jhu.edu/~yarowsky/irwa-2024-02-06.mp4', 'EMAIL', 'z7@F9toTvYT._K')
DEBUG:extracted:('https://www.cs.jhu.edu/~yarowsky/irwa-2024-02-06.mp4', 'EMAIL', '7@6T.t')
DEBUG:extracted:('https://www.cs.jhu.edu/~yarowsky/irwa-2024-02-06.mp4', 'EMAIL', 'K_@ԛ0Z.SO')
DEBUG:extracted:('https://www.cs.jhu.edu/~yarowsky/irwa-2024-02-06.mp4', 'EMAIL', 'E@N7uLNWX.1')
DEBUG:extracted:('https://www.cs.jhu.edu/~yarowsky/irwa-2024-02-06.mp4', 'EMAIL', '7@M.r')
DEBUG:extracted:('https://www.cs.jhu.edu/~yarowsky/irwa-2024-02-06.mp4', 'EMAIL', '.mX@-.h')
DEBUG:extracted:('https://www.cs.jhu.edu/~yarowsky/irwa-2024-02-06.mp4', 'EMAIL', 'sf@C.l')
DEBUG:extracted:('https://www.cs.jhu.edu/~yarowsky/irwa-2024-02-06.mp4', 'EMAIL', 'BB@YiQ.TȨTB3O')
DEBUG:extracted:('https://www.cs.jhu.edu/~yarowsky/irwa-2024-02-06.mp4', 'EMAIL', 'K_@ԛ0Z.SO')
DEBUG:extracted:('https://www.cs.jhu.edu/~yarowsky/irwa-2024-02-06.mp4', 'EMAIL', 'g@M.pd')
DEBUG:extracted:('https://www.cs.jhu.edu/~yarowsky/irwa-2024-02-06.mp4', 'EMAIL', 'M5b@B6ډ.q')
DEBUG:extracted:('https://www.cs.jhu.edu/~yarowsky/irwa-2024-02-06.mp4', 'EMAIL', 'ߍvC@Eg.ۓ3')
DEBUG:extracted:('https://www.cs.jhu.edu/~yarowsky/irwa-2024-02-06.mp4', 'EMAIL', 'I@ګ.nT')
DEBUG:extracted:('https://www.cs.jhu.edu/~yarowsky/irwa-2024-02-06.mp4', 'EMAIL', 'k߂SZ@D.1r')
DEBUG:extracted:('https://www.cs.jhu.edu/~yarowsky/irwa-2024-02-06.mp4', 'EMAIL', '飔@GxӬ.𮒮')
DEBUG:extracted:('https://www.cs.jhu.edu/~yarowsky/irwa-2024-02-06.mp4', 'EMAIL', 'SQ@f.x4wA')
DEBUG:extracted:('https://www.cs.jhu.edu/~yarowsky/irwa-2024-02-06.mp4', 'EMAIL', 'M@5s.1')
DEBUG:extracted:('https://www.cs.jhu.edu/~yarowsky/irwa-2024-02-06.mp4', 'EMAIL', 'RK@ZB3._')
DEBUG:extracted:('https://www.cs.jhu.edu/~yarowsky/irwa-2024-02-06.mp4', 'EMAIL', 'ʀ@B7W.T')
DEBUG:extracted:('https://www.cs.jhu.edu/~yarowsky/irwa-2024-02-06.mp4', 'EMAIL', 'o@fU.E0J')
DEBUG:extracted:('https://www.cs.jhu.edu/~yarowsky/irwa-2024-02-06.mp4', 'EMAIL', 'YTg@WZO.s')
DEBUG:extracted:('https://www.cs.jhu.edu/~yarowsky/irwa-2024-02-06.mp4', 'EMAIL', 'k߂SZ@D.1r')
DEBUG:extracted:('https://www.cs.jhu.edu/~yarowsky/irwa-2024-02-06.mp4', 'EMAIL', 'e@A478.vs_b')
DEBUG:extracted:('https://www.cs.jhu.edu/~yarowsky/irwa-2024-02-06.mp4', 'EMAIL', 'e@j.a')
DEBUG:extracted:('https://www.cs.jhu.edu/~yarowsky/irwa-2024-02-06.mp4', 'EMAIL', 'w@WzG.W7')
DEBUG:extracted:('https://www.cs.jhu.edu/~yarowsky/irwa-2024-02-06.mp4', 'EMAIL', 'u6L@0.U')
DEBUG:extracted:('https://www.cs.jhu.edu/~yarowsky/irwa-2024-02-06.mp4', 'EMAIL', 'F@U.WUɼ')
DEBUG:extracted:('https://www.cs.jhu.edu/~yarowsky/irwa-2024-02-06.mp4', 'EMAIL', 'w@aP.8')
DEBUG:extracted:('https://www.cs.jhu.edu/~yarowsky/irwa-2024-02-06.mp4', 'EMAIL', 'p@J.V')
DEBUG:extracted:('https://www.cs.jhu.edu/~yarowsky/irwa-2024-02-06.mp4', 'EMAIL', 'Jr@7Xy.hU83Y')
DEBUG:extracted:('https://www.cs.jhu.edu/~yarowsky/irwa-2024-02-06.mp4', 'EMAIL', 'S@I.l')
DEBUG:extracted:('https://www.cs.jhu.edu/~yarowsky/irwa-2024-02-06.mp4', 'EMAIL', 'i@ɡd9Qql.3sc')
DEBUG:extracted:('https://www.cs.jhu.edu/~yarowsky/irwa-2024-02-06.mp4', 'EMAIL', '-@ыcb.¼Z')
DEBUG:extracted:('https://www.cs.jhu.edu/~yarowsky/irwa-2024-02-06.mp4', 'EMAIL', 'E5@QGՓa.l')
DEBUG:extracted:('https://www.cs.jhu.edu/~yarowsky/irwa-2024-02-06.mp4', 'EMAIL', 'ɞY@.mn.DЂT0')
DEBUG:extracted:('https://www.cs.jhu.edu/~yarowsky/irwa-2024-02-06.mp4', 'EMAIL', 'P@WW._Lb')
DEBUG:extracted:('https://www.cs.jhu.edu/~yarowsky/irwa-2024-02-06.mp4', 'EMAIL', 'Z71@s.f')
DEBUG:extracted:('https://www.cs.jhu.edu/~yarowsky/irwa-2024-02-06.mp4', 'EMAIL', 'uπ@B7EB.R')
DEBUG:extracted:('https://www.cs.jhu.edu/~yarowsky/irwa-2024-02-06.mp4', 'EMAIL', 'G_qm@w.r')
DEBUG:extracted:('https://www.cs.jhu.edu/~yarowsky/irwa-2024-02-06.mp4', 'EMAIL', 'ݻ@Oeh.67')
DEBUG:extracted:('https://www.cs.jhu.edu/~yarowsky/irwa-2024-02-06.mp4', 'EMAIL', 'kyz@A0.w.ON')
DEBUG:extracted:('https://www.cs.jhu.edu/~yarowsky/irwa-2024-02-06.mp4', 'EMAIL', 'k߂SZ@D.1r')
DEBUG:extracted:('https://www.cs.jhu.edu/~yarowsky/irwa-2024-02-06.mp4', 'EMAIL', 'b@ښ.od3jʼ')
DEBUG:extracted:('https://www.cs.jhu.edu/~yarowsky/irwa-2024-02-06.mp4', 'EMAIL', 'eJ@hV.Q')
DEBUG:extracted:('https://www.cs.jhu.edu/~yarowsky/irwa-2024-02-06.mp4', 'EMAIL', '㛌@ut.Q1')
DEBUG:extracted:('https://www.cs.jhu.edu/~yarowsky/irwa-2024-02-06.mp4', 'EMAIL', 'E@-.GrDv')
DEBUG:extracted:('https://www.cs.jhu.edu/~yarowsky/irwa-2024-02-06.mp4', 'EMAIL', 'q@x.3')
DEBUG:extracted:('https://www.cs.jhu.edu/~yarowsky/irwa-2024-02-06.mp4', 'EMAIL', '-B@ߠ.0')
DEBUG:extracted:('https://www.cs.jhu.edu/~yarowsky/irwa-2024-02-06.mp4', 'EMAIL', '6r@R0ɇ.Ջw')
DEBUG:extracted:('https://www.cs.jhu.edu/~yarowsky/irwa-2024-02-06.mp4', 'EMAIL', '6@mowX4L.DCFZ')
DEBUG:extracted:('https://www.cs.jhu.edu/~yarowsky/irwa-2024-02-06.mp4', 'EMAIL', 'bi@yIKnRj.aN9')
DEBUG:extracted:('https://www.cs.jhu.edu/~yarowsky/irwa-2024-02-06.mp4', 'EMAIL', 't@4.u')
DEBUG:extracted:('https://www.cs.jhu.edu/~yarowsky/irwa-2024-02-06.mp4', 'EMAIL', 'S@ҽ.5')
DEBUG:extracted:('https://www.cs.jhu.edu/~yarowsky/irwa-2024-02-06.mp4', 'EMAIL', '90xy@u.JUL')
DEBUG:extracted:('https://www.cs.jhu.edu/~yarowsky/irwa-2024-02-06.mp4', 'EMAIL', 'O.l5@y뮓L.C')
DEBUG:extracted:('https://www.cs.jhu.edu/~yarowsky/irwa-2024-02-06.mp4', 'EMAIL', 'y@잆UK.55Y')
DEBUG:extracted:('https://www.cs.jhu.edu/~yarowsky/irwa-2024-02-06.mp4', 'EMAIL', 'WӺ@f2.Ff')
DEBUG:extracted:('https://www.cs.jhu.edu/~yarowsky/irwa-2024-02-06.mp4', 'EMAIL', '9N@5.FN')
DEBUG:extracted:('https://www.cs.jhu.edu/~yarowsky/irwa-2024-02-06.mp4', 'EMAIL', '-L@N.J')
DEBUG:extracted:('https://www.cs.jhu.edu/~yarowsky/irwa-2024-02-06.mp4', 'EMAIL', '_6@q.3U')
DEBUG:extracted:('https://www.cs.jhu.edu/~yarowsky/irwa-2024-02-06.mp4', 'EMAIL', '߇W@h0.Ɓe')
DEBUG:extracted:('https://www.cs.jhu.edu/~yarowsky/irwa-2024-02-06.mp4', 'EMAIL', 'ڜ@gr.PN')
DEBUG:extracted:('https://www.cs.jhu.edu/~yarowsky/irwa-2024-02-06.mp4', 'EMAIL', 'Կ@Ҡզ.f')
DEBUG:extracted:('https://www.cs.jhu.edu/~yarowsky/irwa-2024-02-06.mp4', 'EMAIL', 'd2Q@..c')
DEBUG:extracted:('https://www.cs.jhu.edu/~yarowsky/irwa-2024-02-06.mp4', 'EMAIL', 'e@N.C')
DEBUG:extracted:('https://www.cs.jhu.edu/~yarowsky/irwa-2024-02-06.mp4', 'EMAIL', 'fOl.@wT.۴')
DEBUG:extracted:('https://www.cs.jhu.edu/~yarowsky/irwa-2024-02-06.mp4', 'EMAIL', 'k8Efpl@YЂ.UZghJ')
DEBUG:extracted:('https://www.cs.jhu.edu/~yarowsky/irwa-2024-02-06.mp4', 'EMAIL', '8N18@2.A')
DEBUG:extracted:('https://www.cs.jhu.edu/~yarowsky/irwa-2024-02-06.mp4', 'EMAIL', 'k߂SZ@D.1r')
DEBUG:extracted:('https://www.cs.jhu.edu/~yarowsky/irwa-2024-02-06.mp4', 'EMAIL', 'C1@B7.Z')
DEBUG:extracted:('https://www.cs.jhu.edu/~yarowsky/irwa-2024-02-06.mp4', 'EMAIL', 'y4x@T_Hz8.k')
DEBUG:extracted:('https://www.cs.jhu.edu/~yarowsky/irwa-2024-02-06.mp4', 'EMAIL', '2E@L.6')
DEBUG:extracted:('https://www.cs.jhu.edu/~yarowsky/irwa-2024-02-06.mp4', 'EMAIL', 'hYRuB8h٢Dx@אu.Q')
DEBUG:extracted:('https://www.cs.jhu.edu/~yarowsky/irwa-2024-02-06.mp4', 'EMAIL', 'rW@Q.l')
DEBUG:extracted:('https://www.cs.jhu.edu/~yarowsky/irwa-2024-02-06.mp4', 'EMAIL', 'rQ_@w.E')
DEBUG:extracted:('https://www.cs.jhu.edu/~yarowsky/irwa-2024-02-06.mp4', 'EMAIL', '쒴V@_.z')
DEBUG:extracted:('https://www.cs.jhu.edu/~yarowsky/irwa-2024-02-06.mp4', 'EMAIL', 'k߂SZ@D.1r')
DEBUG:extracted:('https://www.cs.jhu.edu/~yarowsky/irwa-2024-02-06.mp4', 'EMAIL', 'r5j@hu.zNI')
DEBUG:extracted:('https://www.cs.jhu.edu/~yarowsky/irwa-2024-02-06.mp4', 'EMAIL', 'Ⱦ@aT.8')
DEBUG:extracted:('https://www.cs.jhu.edu/~yarowsky/irwa-2024-02-06.mp4', 'EMAIL', 'woUR@HBs.J')
DEBUG:extracted:('https://www.cs.jhu.edu/~yarowsky/irwa-2024-02-06.mp4', 'EMAIL', 't_zf@Gt.d')
DEBUG:extracted:('https://www.cs.jhu.edu/~yarowsky/irwa-2024-02-06.mp4', 'EMAIL', 'u@6.VH')
DEBUG:extracted:('https://www.cs.jhu.edu/~yarowsky/irwa-2024-02-06.mp4', 'EMAIL', '-2@K9g.l')
DEBUG:extracted:('https://www.cs.jhu.edu/~yarowsky/irwa-2024-02-06.mp4', 'EMAIL', '2@HTqZϨ.q')
DEBUG:extracted:('https://www.cs.jhu.edu/~yarowsky/irwa-2024-02-06.mp4', 'EMAIL', 'L@H.M෪')
DEBUG:extracted:('https://www.cs.jhu.edu/~yarowsky/irwa-2024-02-06.mp4', 'EMAIL', 'c@9q.W.7x')
DEBUG:extracted:('https://www.cs.jhu.edu/~yarowsky/irwa-2024-02-06.mp4', 'EMAIL', 'L@.k.i')
DEBUG:extracted:('https://www.cs.jhu.edu/~yarowsky/irwa-2024-02-06.mp4', 'EMAIL', 'A@_x.P')
DEBUG:extracted:('https://www.cs.jhu.edu/~yarowsky/irwa-2024-02-06.mp4', 'EMAIL', 'G@_.m')
DEBUG:extracted:('https://www.cs.jhu.edu/~yarowsky/irwa-2024-02-06.mp4', 'EMAIL', 'k߂SZ@D.1r')
DEBUG:extracted:('https://www.cs.jhu.edu/~yarowsky/irwa-2024-02-06.mp4', 'EMAIL', 'j@7957S.C')
DEBUG:extracted:('https://www.cs.jhu.edu/~yarowsky/irwa-2024-02-06.mp4', 'EMAIL', 'U.rs@颴.7xJ')
DEBUG:extracted:('https://www.cs.jhu.edu/~yarowsky/irwa-2024-02-06.mp4', 'EMAIL', 'LQK8@w.ưf')
DEBUG:extracted:('https://www.cs.jhu.edu/~yarowsky/irwa-2024-02-06.mp4', 'EMAIL', 'cЍ@SW.hlR')
DEBUG:extracted:('https://www.cs.jhu.edu/~yarowsky/irwa-2024-02-06.mp4', 'EMAIL', 'I8o@f.µq')
DEBUG:extracted:('https://www.cs.jhu.edu/~yarowsky/irwa-2024-02-06.mp4', 'EMAIL', 'DR08@SɏJg..A9')
DEBUG:extracted:('https://www.cs.jhu.edu/~yarowsky/irwa-2024-02-06.mp4', 'EMAIL', '1@so.x')
DEBUG:extracted:('https://www.cs.jhu.edu/~yarowsky/irwa-2024-02-06.mp4', 'EMAIL', 'H@r.Yߺu')
DEBUG:extracted:('https://www.cs.jhu.edu/~yarowsky/irwa-2024-02-06.mp4', 'EMAIL', 'a@ī.S')
DEBUG:extracted:('https://www.cs.jhu.edu/~yarowsky/irwa-2024-02-06.mp4', 'EMAIL', '-@n.D')
DEBUG:extracted:('https://www.cs.jhu.edu/~yarowsky/irwa-2024-02-06.mp4', 'EMAIL', 'k߂SZ@D.1r')
DEBUG:extracted:('https://www.cs.jhu.edu/~yarowsky/irwa-2024-02-06.mp4', 'EMAIL', 'o@oN.Fn_ʝ爵')
DEBUG:extracted:('https://www.cs.jhu.edu/~yarowsky/irwa-2024-02-06.mp4', 'EMAIL', 'OT@n.K.Wd9')
DEBUG:extracted:('https://www.cs.jhu.edu/~yarowsky/irwa-2024-02-06.mp4', 'EMAIL', 'P@1.1JZ')
DEBUG:extracted:('https://www.cs.jhu.edu/~yarowsky/irwa-2024-02-06.mp4', 'EMAIL', 'SehV4.@ӝ.i')
DEBUG:extracted:('https://www.cs.jhu.edu/~yarowsky/irwa-2024-02-06.mp4', 'EMAIL', 'A@h8.S')
DEBUG:extracted:('https://www.cs.jhu.edu/~yarowsky/irwa-2024-02-06.mp4', 'EMAIL', 'Ԓ@g.AJC7s')
DEBUG:extracted:('https://www.cs.jhu.edu/~yarowsky/irwa-2024-02-06.mp4', 'EMAIL', 'ԮzjFitf@8K.boSoN')
DEBUG:extracted:('https://www.cs.jhu.edu/~yarowsky/irwa-2024-02-06.mp4', 'EMAIL', 'z@r.P')
DEBUG:extracted:('https://www.cs.jhu.edu/~yarowsky/irwa-2024-02-06.mp4', 'EMAIL', 'J@K3z7.O.r1')
DEBUG:extracted:('https://www.cs.jhu.edu/~yarowsky/irwa-2024-02-06.mp4', 'EMAIL', 'VtL@-.z')
DEBUG:extracted:('https://www.cs.jhu.edu/~yarowsky/irwa-2024-02-06.mp4', 'EMAIL', '5L@m.V')
DEBUG:extracted:('https://www.cs.jhu.edu/~yarowsky/irwa-2024-02-06.mp4', 'EMAIL', 'e@0.0m')
DEBUG:extracted:('https://www.cs.jhu.edu/~yarowsky/irwa-2024-02-06.mp4', 'EMAIL', 'Z@Z.8Iw')
DEBUG:extracted:('https://www.cs.jhu.edu/~yarowsky/irwa-2024-02-06.mp4', 'EMAIL', 'X@A.HOO')
DEBUG:extracted:('https://www.cs.jhu.edu/~yarowsky/irwa-2024-02-06.mp4', 'EMAIL', 'Z@R.RT0vAp')
DEBUG:extracted:('https://www.cs.jhu.edu/~yarowsky/irwa-2024-02-06.mp4', 'EMAIL', 'oI@AQ.TdzǙ')
DEBUG:extracted:('https://www.cs.jhu.edu/~yarowsky/irwa-2024-02-06.mp4', 'EMAIL', 'VץlRf@0.X')
DEBUG:extracted:('https://www.cs.jhu.edu/~yarowsky/irwa-2024-02-06.mp4', 'EMAIL', 'GbgIDW@F.qr')
DEBUG:extracted:('https://www.cs.jhu.edu/~yarowsky/irwa-2024-02-06.mp4', 'EMAIL', 's@0.HP')
DEBUG:extracted:('https://www.cs.jhu.edu/~yarowsky/irwa-2024-02-06.mp4', 'EMAIL', 'I@Ft.OT')
DEBUG:extracted:('https://www.cs.jhu.edu/~yarowsky/irwa-2024-02-06.mp4', 'EMAIL', 'Q@T.X')
DEBUG:extracted:('https://www.cs.jhu.edu/~yarowsky/irwa-2024-02-06.mp4', 'EMAIL', '_Mt7@b.ı')
DEBUG:extracted:('https://www.cs.jhu.edu/~yarowsky/irwa-2024-02-06.mp4', 'EMAIL', 'Mә@v.L')
DEBUG:extracted:('https://www.cs.jhu.edu/~yarowsky/irwa-2024-02-06.mp4', 'EMAIL', 'v@r.k')
DEBUG:extracted:('https://www.cs.jhu.edu/~yarowsky/irwa-2024-02-06.mp4', 'EMAIL', 'yr@m.zhKJ4')
DEBUG:extracted:('https://www.cs.jhu.edu/~yarowsky/irwa-2024-02-06.mp4', 'EMAIL', 'K@oE.D')
DEBUG:extracted:('https://www.cs.jhu.edu/~yarowsky/irwa-2024-02-06.mp4', 'EMAIL', 'Fdj9@.t.ٻk')
DEBUG:extracted:('https://www.cs.jhu.edu/~yarowsky/irwa-2024-02-06.mp4', 'EMAIL', 'ʛ@U.sd2')
DEBUG:extracted:('https://www.cs.jhu.edu/~yarowsky/irwa-2024-02-06.mp4', 'EMAIL', 'v@i.ZqAYap')
DEBUG:extracted:('https://www.cs.jhu.edu/~yarowsky/irwa-2024-02-06.mp4', 'EMAIL', 'ԫ@Q.YLv')
DEBUG:extracted:('https://www.cs.jhu.edu/~yarowsky/irwa-2024-02-06.mp4', 'EMAIL', 'c@B7.89k')
DEBUG:extracted:('https://www.cs.jhu.edu/~yarowsky/irwa-2024-02-06.mp4', 'EMAIL', 'lS@v.鍱Qv')
DEBUG:extracted:('https://www.cs.jhu.edu/~yarowsky/irwa-2024-02-06.mp4', 'EMAIL', 'NZ@d36ԅ.W')
DEBUG:extracted:('https://www.cs.jhu.edu/~yarowsky/irwa-2024-02-06.mp4', 'EMAIL', 'QU@4FV-.fMH')
DEBUG:extracted:('https://www.cs.jhu.edu/~yarowsky/irwa-2024-02-06.mp4', 'EMAIL', 'Ufy@dן.I')
DEBUG:extracted:('https://www.cs.jhu.edu/~yarowsky/irwa-2024-02-06.mp4', 'EMAIL', 'ơZ@e8ɺȼEYukhM.j')
DEBUG:extracted:('https://www.cs.jhu.edu/~yarowsky/irwa-2024-02-06.mp4', 'EMAIL', 'Z@ڶ.Du')
DEBUG:extracted:('https://www.cs.jhu.edu/~yarowsky/irwa-2024-02-06.mp4', 'EMAIL', 'vrk@P.ρ')
DEBUG:extracted:('https://www.cs.jhu.edu/~yarowsky/irwa-2024-02-06.mp4', 'EMAIL', 'n@I.bbz')
DEBUG:extracted:('https://www.cs.jhu.edu/~yarowsky/irwa-2024-02-06.mp4', 'EMAIL', '.sx@ϝU3.ooF')
DEBUG:extracted:('https://www.cs.jhu.edu/~yarowsky/irwa-2024-02-06.mp4', 'EMAIL', 'Q@oQzƓ.12b')
DEBUG:extracted:('https://www.cs.jhu.edu/~yarowsky/irwa-2024-02-06.mp4', 'EMAIL', 'J@Z.c')
DEBUG:extracted:('https://www.cs.jhu.edu/~yarowsky/irwa-2024-02-06.mp4', 'EMAIL', '36y5@ڕЈ.O')
DEBUG:extracted:('https://www.cs.jhu.edu/~yarowsky/irwa-2024-02-06.mp4', 'EMAIL', 'Me4@B._')
DEBUG:extracted:('https://www.cs.jhu.edu/~yarowsky/irwa-2024-02-06.mp4', 'EMAIL', 'm@tԿ.r')
DEBUG:extracted:('https://www.cs.jhu.edu/~yarowsky/irwa-2024-02-06.mp4', 'EMAIL', 'L@K._R')
DEBUG:extracted:('https://www.cs.jhu.edu/~yarowsky/irwa-2024-02-06.mp4', 'EMAIL', '9@q棲.OgZ')
DEBUG:extracted:('https://www.cs.jhu.edu/~yarowsky/irwa-2024-02-06.mp4', 'EMAIL', 'ր@V.2')
DEBUG:extracted:('https://www.cs.jhu.edu/~yarowsky/irwa-2024-02-06.mp4', 'EMAIL', '-ia@TNfeS.U')
DEBUG:extracted:('https://www.cs.jhu.edu/~yarowsky/irwa-2024-02-06.mp4', 'EMAIL', 'C@E.QAh')
DEBUG:extracted:('https://www.cs.jhu.edu/~yarowsky/irwa-2024-02-06.mp4', 'EMAIL', 'KF@3.F5ڳ8')
DEBUG:extracted:('https://www.cs.jhu.edu/~yarowsky/irwa-2024-02-06.mp4', 'EMAIL', 'ddTޥ@jU.h')
DEBUG:extracted:('https://www.cs.jhu.edu/~yarowsky/irwa-2024-02-06.mp4', 'EMAIL', 'N@1.XeC')
DEBUG:extracted:('https://www.cs.jhu.edu/~yarowsky/irwa-2024-02-06.mp4', 'EMAIL', 'ԡU5@Ya8L..E')
DEBUG:extracted:('https://www.cs.jhu.edu/~yarowsky/irwa-2024-02-06.mp4', 'EMAIL', '1@F5p.z')
DEBUG:extracted:('https://www.cs.jhu.edu/~yarowsky/irwa-2024-02-06.mp4', 'EMAIL', 'S@ϲ.ߖI')
DEBUG:extracted:('https://www.cs.jhu.edu/~yarowsky/irwa-2024-02-06.mp4', 'EMAIL', 'q@m.хbeɻM6G')
DEBUG:extracted:('https://www.cs.jhu.edu/~yarowsky/irwa-2024-02-06.mp4', 'EMAIL', '9_U@M.QM')
DEBUG:extracted:('https://www.cs.jhu.edu/~yarowsky/irwa-2024-02-06.mp4', 'EMAIL', 'T@Ž3wɓ.K')
DEBUG:extracted:('https://www.cs.jhu.edu/~yarowsky/irwa-2024-02-06.mp4', 'EMAIL', 'υWV@U.Smغg6')
DEBUG:extracted:('https://www.cs.jhu.edu/~yarowsky/irwa-2024-02-06.mp4', 'EMAIL', '3@Y.Z')
DEBUG:extracted:('https://www.cs.jhu.edu/~yarowsky/irwa-2024-02-06.mp4', 'EMAIL', 'VTkm@M6TZK.u')
DEBUG:extracted:('https://www.cs.jhu.edu/~yarowsky/irwa-2024-02-06.mp4', 'EMAIL', 'ã@Vg.PEFQi')
DEBUG:extracted:('https://www.cs.jhu.edu/~yarowsky/irwa-2024-02-06.mp4', 'EMAIL', '-@P.EC')
DEBUG:extracted:('https://www.cs.jhu.edu/~yarowsky/irwa-2024-02-06.mp4', 'EMAIL', 'f@f.Ӿ')
DEBUG:extracted:('https://www.cs.jhu.edu/~yarowsky/irwa-2024-02-06.mp4', 'EMAIL', 'O@lQEïy.Zh6_a')
DEBUG:extracted:('https://www.cs.jhu.edu/~yarowsky/irwa-2024-02-06.mp4', 'EMAIL', 'yωnܪ5WsZ5Z3@G.J')
DEBUG:extracted:('https://www.cs.jhu.edu/~yarowsky/irwa-2024-02-06.mp4', 'EMAIL', '.a@Kas.g')
DEBUG:extracted:('https://www.cs.jhu.edu/~yarowsky/irwa-2024-02-06.mp4', 'EMAIL', '1@WE.nZ')
DEBUG:extracted:('https://www.cs.jhu.edu/~yarowsky/irwa-2024-02-06.mp4', 'EMAIL', 'i@Y.uTZ')
DEBUG:extracted:('https://www.cs.jhu.edu/~yarowsky/irwa-2024-02-06.mp4', 'EMAIL', 'Vys@0Z.2Mõe')
DEBUG:extracted:('https://www.cs.jhu.edu/~yarowsky/irwa-2024-02-06.mp4', 'EMAIL', 'ix@7۰PDM.aU')
DEBUG:extracted:('https://www.cs.jhu.edu/~yarowsky/irwa-2024-02-06.mp4', 'EMAIL', 'A@ą.p')
DEBUG:extracted:('https://www.cs.jhu.edu/~yarowsky/irwa-2024-02-06.mp4', 'EMAIL', '4@B.h')
DEBUG:extracted:('https://www.cs.jhu.edu/~yarowsky/irwa-2024-02-06.mp4', 'EMAIL', '-@ȯC.W')
DEBUG:extracted:('https://www.cs.jhu.edu/~yarowsky/irwa-2024-02-06.mp4', 'EMAIL', 'ED@x.U')
DEBUG:extracted:('https://www.cs.jhu.edu/~yarowsky/irwa-2024-02-06.mp4', 'EMAIL', 'Fs@M.ף')
DEBUG:extracted:('https://www.cs.jhu.edu/~yarowsky/irwa-2024-02-06.mp4', 'EMAIL', 'G@Ř.U')
DEBUG:extracted:('https://www.cs.jhu.edu/~yarowsky/irwa-2024-02-06.mp4', 'EMAIL', 'ŉr@Ȯ.hhY')
DEBUG:extracted:('https://www.cs.jhu.edu/~yarowsky/irwa-2024-02-06.mp4', 'EMAIL', '30F@wڻ.W')
DEBUG:extracted:('https://www.cs.jhu.edu/~yarowsky/irwa-2024-02-06.mp4', 'EMAIL', '9@IaknMV.L')
DEBUG:extracted:('https://www.cs.jhu.edu/~yarowsky/irwa-2024-02-06.mp4', 'EMAIL', 'he@p.j')
DEBUG:extracted:('https://www.cs.jhu.edu/~yarowsky/irwa-2024-02-06.mp4', 'EMAIL', '9@JT.Խ')
DEBUG:extracted:('https://www.cs.jhu.edu/~yarowsky/irwa-2024-02-06.mp4', 'EMAIL', 'զAP@W9u5.vZ')
DEBUG:extracted:('https://www.cs.jhu.edu/~yarowsky/irwa-2024-02-06.mp4', 'EMAIL', 'Ii@..N')
DEBUG:extracted:('https://www.cs.jhu.edu/~yarowsky/irwa-2024-02-06.mp4', 'EMAIL', 'PPLM@e.0')
DEBUG:extracted:('https://www.cs.jhu.edu/~yarowsky/irwa-2024-02-06.mp4', 'EMAIL', 'P@U.Nsf')
DEBUG:extracted:('https://www.cs.jhu.edu/~yarowsky/irwa-2024-02-06.mp4', 'EMAIL', '4@uy.q')
DEBUG:extracted:('https://www.cs.jhu.edu/~yarowsky/irwa-2024-02-06.mp4', 'EMAIL', 'H@5.T1')
DEBUG:extracted:('https://www.cs.jhu.edu/~yarowsky/irwa-2024-02-06.mp4', 'EMAIL', 'v@X.L')
DEBUG:extracted:('https://www.cs.jhu.edu/~yarowsky/irwa-2024-02-06.mp4', 'EMAIL', 'C@PeM40Ze-.LRDfi')
DEBUG:extracted:('https://www.cs.jhu.edu/~yarowsky/irwa-2024-02-06.mp4', 'EMAIL', '88@Zg3.Lt')
DEBUG:extracted:('https://www.cs.jhu.edu/~yarowsky/irwa-2024-02-06.mp4', 'EMAIL', 'NGĽх@Ը.L')
DEBUG:extracted:('https://www.cs.jhu.edu/~yarowsky/irwa-2024-02-06.mp4', 'EMAIL', '4@pw2.uLV')
DEBUG:extracted:('https://www.cs.jhu.edu/~yarowsky/irwa-2024-02-06.mp4', 'EMAIL', 'ᴶȈHt@35.ZCGa')
DEBUG:extracted:('https://www.cs.jhu.edu/~yarowsky/irwa-2024-02-06.mp4', 'EMAIL', 'J@m5D.J')
DEBUG:extracted:('https://www.cs.jhu.edu/~yarowsky/irwa-2024-02-06.mp4', 'EMAIL', 'HRv@Y.yc')
DEBUG:extracted:('https://www.cs.jhu.edu/~yarowsky/irwa-2024-02-06.mp4', 'EMAIL', 'vY0@ϥn.A')
DEBUG:extracted:('https://www.cs.jhu.edu/~yarowsky/irwa-2024-02-06.mp4', 'EMAIL', '0@DDi.Hl')
DEBUG:extracted:('https://www.cs.jhu.edu/~yarowsky/irwa-2024-02-06.mp4', 'EMAIL', '8kbĤ@E.nd')
DEBUG:extracted:('https://www.cs.jhu.edu/~yarowsky/irwa-2024-02-06.mp4', 'EMAIL', 'HIӱ4y@ΔWk4EǢ.NysV')
DEBUG:extracted:('https://www.cs.jhu.edu/~yarowsky/irwa-2024-02-06.mp4', 'EMAIL', 'D@v08.Kކ')
DEBUG:extracted:('https://www.cs.jhu.edu/~yarowsky/irwa-2024-02-06.mp4', 'EMAIL', '96@Q09.u7a')
DEBUG:extracted:('https://www.cs.jhu.edu/~yarowsky/irwa-2024-02-06.mp4', 'EMAIL', 'D@u.KYSh')
DEBUG:extracted:('https://www.cs.jhu.edu/~yarowsky/irwa-2024-02-06.mp4', 'EMAIL', 'T@41zN.Ƚ')
DEBUG:extracted:('https://www.cs.jhu.edu/~yarowsky/irwa-2024-02-06.mp4', 'EMAIL', 'n@Y.ɬ')
DEBUG:extracted:('https://www.cs.jhu.edu/~yarowsky/irwa-2024-02-06.mp4', 'EMAIL', 'mYˋ@i.Q')
DEBUG:extracted:('https://www.cs.jhu.edu/~yarowsky/irwa-2024-02-06.mp4', 'EMAIL', 'OU@eЫ.E3')
DEBUG:extracted:('https://www.cs.jhu.edu/~yarowsky/irwa-2024-02-06.mp4', 'EMAIL', '7@Ǟ.Q')
DEBUG:extracted:('https://www.cs.jhu.edu/~yarowsky/irwa-2024-02-06.mp4', 'EMAIL', 'Pǌ@8R.mC')
DEBUG:extracted:('https://www.cs.jhu.edu/~yarowsky/irwa-2024-02-06.mp4', 'EMAIL', '1@5d.T')
DEBUG:extracted:('https://www.cs.jhu.edu/~yarowsky/irwa-2024-02-06.mp4', 'EMAIL', 'ҦʛqeU@հtwZkNk.bx')
DEBUG:extracted:('https://www.cs.jhu.edu/~yarowsky/irwa-2024-02-06.mp4', 'EMAIL', '1KVI@LQ.g')
DEBUG:extracted:('https://www.cs.jhu.edu/~yarowsky/irwa-2024-02-06.mp4', 'EMAIL', 'S@t.Me3eDɑ')
DEBUG:extracted:('https://www.cs.jhu.edu/~yarowsky/irwa-2024-02-06.mp4', 'EMAIL', 'e@NC.N')
DEBUG:extracted:('https://www.cs.jhu.edu/~yarowsky/irwa-2024-02-06.mp4', 'EMAIL', 'ϋT@2n.n')
DEBUG:extracted:('https://www.cs.jhu.edu/~yarowsky/irwa-2024-02-06.mp4', 'EMAIL', 'w@LKzvuO.o')
DEBUG:extracted:('https://www.cs.jhu.edu/~yarowsky/irwa-2024-02-06.mp4', 'EMAIL', 'G@3w.a')
DEBUG:extracted:('https://www.cs.jhu.edu/~yarowsky/irwa-2024-02-06.mp4', 'EMAIL', 'x@E.RD')
DEBUG:extracted:('https://www.cs.jhu.edu/~yarowsky/irwa-2024-02-06.mp4', 'EMAIL', '-8j噹FD@5E.kOX')
DEBUG:extracted:('https://www.cs.jhu.edu/~yarowsky/irwa-2024-02-06.mp4', 'EMAIL', 'yb8@meLi.s')
DEBUG:extracted:('https://www.cs.jhu.edu/~yarowsky/irwa-2024-02-06.mp4', 'EMAIL', 'Å1@zU.Փ1r')
DEBUG:extracted:('https://www.cs.jhu.edu/~yarowsky/irwa-2024-02-06.mp4', 'EMAIL', 'S-@l.2')
DEBUG:extracted:('https://www.cs.jhu.edu/~yarowsky/irwa-2024-02-06.mp4', 'EMAIL', 'p@Oq.4sLQQﺞ')
DEBUG:extracted:('https://www.cs.jhu.edu/~yarowsky/irwa-2024-02-06.mp4', 'EMAIL', 'Q@Tgu.M')
DEBUG:extracted:('https://www.cs.jhu.edu/~yarowsky/irwa-2024-02-06.mp4', 'EMAIL', 'h@f.b')
DEBUG:extracted:('https://www.cs.jhu.edu/~yarowsky/irwa-2024-02-06.mp4', 'EMAIL', 'd@ʫ.7')
DEBUG:extracted:('https://www.cs.jhu.edu/~yarowsky/irwa-2024-02-06.mp4', 'EMAIL', '54@m.uL')
DEBUG:extracted:('https://www.cs.jhu.edu/~yarowsky/irwa-2024-02-06.mp4', 'EMAIL', 'y9RlhE_@vjl.C')
DEBUG:extracted:('https://www.cs.jhu.edu/~yarowsky/irwa-2024-02-06.mp4', 'EMAIL', '3PK@䬿5.D')
DEBUG:extracted:('https://www.cs.jhu.edu/~yarowsky/irwa-2024-02-06.mp4', 'EMAIL', '25@ӗu.S')
DEBUG:extracted:('https://www.cs.jhu.edu/~yarowsky/irwa-2024-02-06.mp4', 'EMAIL', 'r彪SD-l7@t._Ą')
DEBUG:extracted:('https://www.cs.jhu.edu/~yarowsky/irwa-2024-02-06.mp4', 'EMAIL', '2ԫ.@j-p.pqMf')
DEBUG:extracted:('https://www.cs.jhu.edu/~yarowsky/irwa-2024-02-06.mp4', 'EMAIL', 'h@Lccp.BJMp')
DEBUG:extracted:('https://www.cs.jhu.edu/~yarowsky/irwa-2024-02-06.mp4', 'EMAIL', 'h_Wt@v.W')
DEBUG:extracted:('https://www.cs.jhu.edu/~yarowsky/irwa-2024-02-06.mp4', 'EMAIL', 'r@3NDv.k')
DEBUG:extracted:('https://www.cs.jhu.edu/~yarowsky/irwa-2024-02-06.mp4', 'EMAIL', 'aq@S.M')
DEBUG:extracted:('https://www.cs.jhu.edu/~yarowsky/irwa-2024-02-06.mp4', 'EMAIL', 'lPft@ѻYW.o')
DEBUG:extracted:('https://www.cs.jhu.edu/~yarowsky/irwa-2024-02-06.mp4', 'EMAIL', 'qCP@q.yҕp7')
DEBUG:extracted:('https://www.cs.jhu.edu/~yarowsky/irwa-2024-02-06.mp4', 'EMAIL', '-@Ua.i_')
DEBUG:extracted:('https://www.cs.jhu.edu/~yarowsky/irwa-2024-02-06.mp4', 'EMAIL', 'ƿ5S@ă.0')
DEBUG:extracted:('https://www.cs.jhu.edu/~yarowsky/irwa-2024-02-06.mp4', 'EMAIL', 'u@ǉr..E_bb')
DEBUG:extracted:('https://www.cs.jhu.edu/~yarowsky/irwa-2024-02-06.mp4', 'EMAIL', '3@D.nA')
DEBUG:extracted:('https://www.cs.jhu.edu/~yarowsky/irwa-2024-02-06.mp4', 'EMAIL', '20dZm@L.îÕ')
DEBUG:extracted:('https://www.cs.jhu.edu/~yarowsky/irwa-2024-02-06.mp4', 'EMAIL', 'wT@S.u')
DEBUG:extracted:('https://www.cs.jhu.edu/~yarowsky/irwa-2024-02-06.mp4', 'EMAIL', 'p@w.8H')
DEBUG:extracted:('https://www.cs.jhu.edu/~yarowsky/irwa-2024-02-06.mp4', 'EMAIL', 'OTv@X.Yo')
DEBUG:extracted:('https://www.cs.jhu.edu/~yarowsky/irwa-2024-02-06.mp4', 'EMAIL', 'Jax@6.BQHqx')
DEBUG:extracted:('https://www.cs.jhu.edu/~yarowsky/irwa-2024-02-06.mp4', 'EMAIL', '5F@I.rA')
DEBUG:extracted:('https://www.cs.jhu.edu/~yarowsky/irwa-2024-02-06.mp4', 'EMAIL', '뜹@e1.vxO')
DEBUG:extracted:('https://www.cs.jhu.edu/~yarowsky/irwa-2024-02-06.mp4', 'EMAIL', 'J@a.ћˉF')
DEBUG:extracted:('https://www.cs.jhu.edu/~yarowsky/irwa-2024-02-06.mp4', 'EMAIL', 'I@gv.Ug')
DEBUG:extracted:('https://www.cs.jhu.edu/~yarowsky/irwa-2024-02-06.mp4', 'EMAIL', 'Ϲ_@G0.uh')
DEBUG:extracted:('https://www.cs.jhu.edu/~yarowsky/irwa-2024-02-06.mp4', 'EMAIL', '4Iʢnye@4UqHh.s6s')
DEBUG:extracted:('https://www.cs.jhu.edu/~yarowsky/irwa-2024-02-06.mp4', 'EMAIL', 'uɛyQ@sиc.ӰT')
DEBUG:extracted:('https://www.cs.jhu.edu/~yarowsky/irwa-2024-02-06.mp4', 'EMAIL', 'E@w.fk')
DEBUG:extracted:('https://www.cs.jhu.edu/~yarowsky/irwa-2024-02-06.mp4', 'EMAIL', 'p@DӼ9.Sd')
DEBUG:extracted:('https://www.cs.jhu.edu/~yarowsky/irwa-2024-02-06.mp4', 'EMAIL', 'dʰ@Eh.p')
DEBUG:extracted:('https://www.cs.jhu.edu/~yarowsky/irwa-2024-02-06.mp4', 'EMAIL', '0@ˊ5.2Y')
DEBUG:extracted:('https://www.cs.jhu.edu/~yarowsky/irwa-2024-02-06.mp4', 'EMAIL', 'K@Y.H')
DEBUG:extracted:('https://www.cs.jhu.edu/~yarowsky/irwa-2024-02-06.mp4', 'EMAIL', 'E@x.h')
DEBUG:extracted:('https://www.cs.jhu.edu/~yarowsky/irwa-2024-02-06.mp4', 'EMAIL', 'j@4.z')
DEBUG:extracted:('https://www.cs.jhu.edu/~yarowsky/irwa-2024-02-06.mp4', 'EMAIL', '3@Nz.u')
DEBUG:extracted:('https://www.cs.jhu.edu/~yarowsky/irwa-2024-02-06.mp4', 'EMAIL', 'AT@8.ux')
DEBUG:extracted:('https://www.cs.jhu.edu/~yarowsky/irwa-2024-02-06.mp4', 'EMAIL', 'ﴐn@heL4s.I')
DEBUG:extracted:('https://www.cs.jhu.edu/~yarowsky/irwa-2024-02-06.mp4', 'EMAIL', 'a@zߝ.L')
DEBUG:extracted:('https://www.cs.jhu.edu/~yarowsky/irwa-2024-02-06.mp4', 'EMAIL', 'ﶎ@E.a')
DEBUG:extracted:('https://www.cs.jhu.edu/~yarowsky/irwa-2024-02-06.mp4', 'EMAIL', 'D2@S.y')
DEBUG:extracted:('https://www.cs.jhu.edu/~yarowsky/irwa-2024-02-06.mp4', 'EMAIL', 'z@Ht._3OF')
DEBUG:extracted:('https://www.cs.jhu.edu/~yarowsky/irwa-2024-02-06.mp4', 'EMAIL', 'OhT@C.E')
DEBUG:extracted:('https://www.cs.jhu.edu/~yarowsky/irwa-2024-02-06.mp4', 'EMAIL', 'ٮW@B.Zlc')
DEBUG:extracted:('https://www.cs.jhu.edu/~yarowsky/irwa-2024-02-06.mp4', 'EMAIL', 'vwH@F.kINQ')
DEBUG:extracted:('https://www.cs.jhu.edu/~yarowsky/irwa-2024-02-06.mp4', 'EMAIL', 'PX@W9.5wU')
DEBUG:extracted:('https://www.cs.jhu.edu/~yarowsky/irwa-2024-02-06.mp4', 'EMAIL', 'EWh@P.Ű')
DEBUG:extracted:('https://www.cs.jhu.edu/~yarowsky/irwa-2024-02-06.mp4', 'EMAIL', 'OR@cd.XGw')
DEBUG:extracted:('https://www.cs.jhu.edu/~yarowsky/irwa-2024-02-06.mp4', 'EMAIL', 'lg@7NP.vB5')
DEBUG:extracted:('https://www.cs.jhu.edu/~yarowsky/irwa-2024-02-06.mp4', 'EMAIL', 'd@Nxw3.2')
DEBUG:extracted:('https://www.cs.jhu.edu/~yarowsky/irwa-2024-02-06.mp4', 'EMAIL', '5Ѯvg@a.7i')
DEBUG:extracted:('https://www.cs.jhu.edu/~yarowsky/irwa-2024-02-06.mp4', 'EMAIL', 'XYU@9.J')
DEBUG:extracted:('https://www.cs.jhu.edu/~yarowsky/irwa-2024-02-06.mp4', 'EMAIL', 'Tk@9Z.u')
DEBUG:extracted:('https://www.cs.jhu.edu/~yarowsky/irwa-2024-02-06.mp4', 'EMAIL', 'a@WĻIT.Y')
DEBUG:extracted:('https://www.cs.jhu.edu/~yarowsky/irwa-2024-02-06.mp4', 'EMAIL', 'LV@4.RFɷH')
DEBUG:extracted:('https://www.cs.jhu.edu/~yarowsky/irwa-2024-02-06.mp4', 'EMAIL', 'h9O_0ǚG@P.QQј')
DEBUG:extracted:('https://www.cs.jhu.edu/~yarowsky/irwa-2024-02-06.mp4', 'EMAIL', 'զB@ʼľ.J')
DEBUG:extracted:('https://www.cs.jhu.edu/~yarowsky/irwa-2024-02-06.mp4', 'EMAIL', 'g@M_.jz')
DEBUG:extracted:('https://www.cs.jhu.edu/~yarowsky/irwa-2024-02-06.mp4', 'EMAIL', 'N@C.ǰ')
DEBUG:extracted:('https://www.cs.jhu.edu/~yarowsky/irwa-2024-02-06.mp4', 'EMAIL', 'cҿ@Ʈ.q')
DEBUG:extracted:('https://www.cs.jhu.edu/~yarowsky/irwa-2024-02-06.mp4', 'EMAIL', 'mg@9Ǥ.A')
DEBUG:extracted:('https://www.cs.jhu.edu/~yarowsky/irwa-2024-02-06.mp4', 'EMAIL', 'ZnIt@Tco.7.b')
DEBUG:extracted:('https://www.cs.jhu.edu/~yarowsky/irwa-2024-02-06.mp4', 'EMAIL', 'n0@Q.ǝ')
DEBUG:extracted:('https://www.cs.jhu.edu/~yarowsky/irwa-2024-02-06.mp4', 'EMAIL', 'lF@S083jX.i0yXũMjm')
DEBUG:extracted:('https://www.cs.jhu.edu/~yarowsky/irwa-2024-02-06.mp4', 'EMAIL', 'W@p.E1')
DEBUG:extracted:('https://www.cs.jhu.edu/~yarowsky/irwa-2024-02-06.mp4', 'EMAIL', '0Hme@5.yfEc')
DEBUG:extracted:('https://www.cs.jhu.edu/~yarowsky/irwa-2024-02-06.mp4', 'EMAIL', 'f6_zR@db.Rbp')
DEBUG:extracted:('https://www.cs.jhu.edu/~yarowsky/irwa-2024-02-06.mp4', 'EMAIL', '7@O.ӫ9')
DEBUG:extracted:('https://www.cs.jhu.edu/~yarowsky/irwa-2024-02-06.mp4', 'EMAIL', 'l@l.t')
DEBUG:extracted:('https://www.cs.jhu.edu/~yarowsky/irwa-2024-02-06.mp4', 'EMAIL', 's@uG.ت')
DEBUG:extracted:('https://www.cs.jhu.edu/~yarowsky/irwa-2024-02-06.mp4', 'EMAIL', 'R@KSmK.OA')
DEBUG:extracted:('https://www.cs.jhu.edu/~yarowsky/irwa-2024-02-06.mp4', 'EMAIL', 'UtE8_벷u1@9u.c')
DEBUG:extracted:('https://www.cs.jhu.edu/~yarowsky/irwa-2024-02-06.mp4', 'EMAIL', '0@dg.19aYZ')
DEBUG:extracted:('https://www.cs.jhu.edu/~yarowsky/irwa-2024-02-06.mp4', 'EMAIL', 'lrI@9.GWb0v')
DEBUG:extracted:('https://www.cs.jhu.edu/~yarowsky/irwa-2024-02-06.mp4', 'EMAIL', 'onoTS@Cנ.r')
DEBUG:extracted:('https://www.cs.jhu.edu/~yarowsky/irwa-2024-02-06.mp4', 'EMAIL', 'ߩ@EKeʋ..iaUh')
DEBUG:extracted:('https://www.cs.jhu.edu/~yarowsky/irwa-2024-02-06.mp4', 'EMAIL', 'R5@0R.t')
DEBUG:extracted:('https://www.cs.jhu.edu/~yarowsky/irwa-2024-02-06.mp4', 'EMAIL', 'iNa3v@x.х')
DEBUG:extracted:('https://www.cs.jhu.edu/~yarowsky/irwa-2024-02-06.mp4', 'EMAIL', '蹀@v.wy')
DEBUG:extracted:('https://www.cs.jhu.edu/~yarowsky/irwa-2024-02-06.mp4', 'EMAIL', 'xs_@3.N4')
DEBUG:extracted:('https://www.cs.jhu.edu/~yarowsky/irwa-2024-02-06.mp4', 'EMAIL', '.nAh@F.q')
DEBUG:extracted:('https://www.cs.jhu.edu/~yarowsky/irwa-2024-02-06.mp4', 'EMAIL', 'Qr@Ͻ8.wmyG')
DEBUG:extracted:('https://www.cs.jhu.edu/~yarowsky/irwa-2024-02-06.mp4', 'EMAIL', 'kg@T.qlb')
DEBUG:extracted:('https://www.cs.jhu.edu/~yarowsky/irwa-2024-02-06.mp4', 'EMAIL', 'e@c.p')
DEBUG:extracted:('https://www.cs.jhu.edu/~yarowsky/irwa-2024-02-06.mp4', 'EMAIL', 'E@Z.Tځ')
DEBUG:extracted:('https://www.cs.jhu.edu/~yarowsky/irwa-2024-02-06.mp4', 'EMAIL', 'e@k8u.Dw.K')
DEBUG:extracted:('https://www.cs.jhu.edu/~yarowsky/irwa-2024-02-06.mp4', 'EMAIL', 'yzBaH@-.Ūky')
DEBUG:extracted:('https://www.cs.jhu.edu/~yarowsky/irwa-2024-02-06.mp4', 'EMAIL', 'V04@u._')
DEBUG:extracted:('https://www.cs.jhu.edu/~yarowsky/irwa-2024-02-06.mp4', 'EMAIL', 'TT@Y.U')
DEBUG:extracted:('https://www.cs.jhu.edu/~yarowsky/irwa-2024-02-06.mp4', 'EMAIL', 'ID@wMX.Lww')
DEBUG:extracted:('https://www.cs.jhu.edu/~yarowsky/irwa-2024-02-06.mp4', 'EMAIL', 'wd@gY.N')
DEBUG:extracted:('https://www.cs.jhu.edu/~yarowsky/irwa-2024-02-06.mp4', 'EMAIL', 'IR@vJ.ܤ6')
DEBUG:extracted:('https://www.cs.jhu.edu/~yarowsky/irwa-2024-02-06.mp4', 'EMAIL', 'TLLR@đ.SoOꕀ')
DEBUG:extracted:('https://www.cs.jhu.edu/~yarowsky/irwa-2024-02-06.mp4', 'EMAIL', 'a@Uj1.ꗽ')
DEBUG:extracted:('https://www.cs.jhu.edu/~yarowsky/irwa-2024-02-06.mp4', 'EMAIL', 'e²ܬ@5.g')
DEBUG:extracted:('https://www.cs.jhu.edu/~yarowsky/irwa-2024-02-06.mp4', 'EMAIL', 'E@A.Cعo')
DEBUG:extracted:('https://www.cs.jhu.edu/~yarowsky/irwa-2024-02-06.mp4', 'EMAIL', '-eV@S.q')
DEBUG:chardet.charsetprober:SHIFT_JIS Japanese prober hit error at byte 182
DEBUG:chardet.charsetprober:EUC-JP Japanese prober hit error at byte 27
DEBUG:chardet.charsetprober:GB2312 Chinese prober hit error at byte 194
DEBUG:chardet.charsetprober:EUC-KR Korean prober hit error at byte 27
DEBUG:chardet.charsetprober:CP949 Korean prober hit error at byte 194
DEBUG:chardet.charsetprober:Big5 Chinese prober hit error at byte 27
DEBUG:chardet.charsetprober:EUC-TW Taiwan prober hit error at byte 27
DEBUG:chardet.charsetprober:windows-1251 confidence = 0.041146332106071645, below negative shortcut threshhold 0.05
DEBUG:chardet.charsetprober:KOI8-R confidence = 0.04005855813907724, below negative shortcut threshhold 0.05
DEBUG:chardet.charsetprober:ISO-8859-5 confidence = 0.04095653452338712, below negative shortcut threshhold 0.05
DEBUG:chardet.charsetprober:MacCyrillic confidence = 0.03993760790098021, below negative shortcut threshhold 0.05
DEBUG:chardet.charsetprober:IBM866 confidence = 0.041412744964100884, below negative shortcut threshhold 0.05
DEBUG:chardet.charsetprober:IBM855 confidence = 0.04097497378081245, below negative shortcut threshhold 0.05
